<?xml version="1.0" encoding="UTF-8"?>
<testsuite name="com.uniritter.monitor.MonitorApplicationTests" tests="1" skipped="0" failures="0" errors="0" timestamp="2016-06-30T00:57:17" hostname="Brusca_pc" time="0.009">
  <properties/>
  <testcase name="contextLoads" classname="com.uniritter.monitor.MonitorApplicationTests" time="0.009"/>
  <system-out><![CDATA[21:57:09.573 [Test worker] DEBUG o.s.t.c.j.SpringJUnit4ClassRunner - SpringJUnit4ClassRunner constructor called with [class com.uniritter.monitor.MonitorApplicationTests]
21:57:09.586 [Test worker] DEBUG o.s.test.context.BootstrapUtils - Instantiating CacheAwareContextLoaderDelegate from class [org.springframework.test.context.cache.DefaultCacheAwareContextLoaderDelegate]
21:57:09.609 [Test worker] DEBUG o.s.test.context.BootstrapUtils - Instantiating BootstrapContext using constructor [public org.springframework.test.context.support.DefaultBootstrapContext(java.lang.Class,org.springframework.test.context.CacheAwareContextLoaderDelegate)]
21:57:09.630 [Test worker] DEBUG o.s.test.context.BootstrapUtils - Instantiating TestContextBootstrapper for test class [com.uniritter.monitor.MonitorApplicationTests] from class [org.springframework.test.context.web.WebTestContextBootstrapper]
21:57:09.655 [Test worker] DEBUG o.s.t.c.w.WebTestContextBootstrapper - Found explicit ContextLoader class [org.springframework.boot.test.SpringApplicationContextLoader] for context configuration attributes [ContextConfigurationAttributes@2aac2acb declaringClass = 'com.uniritter.monitor.MonitorApplicationTests', classes = '{class com.uniritter.monitor.MonitorApplication}', locations = '{}', inheritLocations = true, initializers = '{}', inheritInitializers = true, name = [null], contextLoaderClass = 'org.springframework.boot.test.SpringApplicationContextLoader']
21:57:09.670 [Test worker] DEBUG o.s.t.c.s.AbstractContextLoader - Did not detect default resource location for test class [com.uniritter.monitor.MonitorApplicationTests]: class path resource [com/uniritter/monitor/MonitorApplicationTests-context.xml] does not exist
21:57:09.671 [Test worker] DEBUG o.s.t.c.s.AbstractContextLoader - Did not detect default resource location for test class [com.uniritter.monitor.MonitorApplicationTests]: class path resource [com/uniritter/monitor/MonitorApplicationTestsContext.groovy] does not exist
21:57:09.672 [Test worker] INFO  o.s.t.c.s.AbstractContextLoader - Could not detect default resource locations for test class [com.uniritter.monitor.MonitorApplicationTests]: no resource found for suffixes {-context.xml, Context.groovy}.
21:57:09.708 [Test worker] DEBUG o.s.t.c.support.ActiveProfilesUtils - Could not find an 'annotation declaring class' for annotation type [org.springframework.test.context.ActiveProfiles] and class [com.uniritter.monitor.MonitorApplicationTests]
21:57:09.713 [Test worker] DEBUG o.s.t.c.w.WebTestContextBootstrapper - @TestExecutionListeners is not present for class [com.uniritter.monitor.MonitorApplicationTests]: using defaults.
21:57:09.725 [Test worker] INFO  o.s.t.c.w.WebTestContextBootstrapper - Loaded default TestExecutionListener class names from location [META-INF/spring.factories]: [org.springframework.test.context.web.ServletTestExecutionListener, org.springframework.test.context.support.DirtiesContextBeforeModesTestExecutionListener, org.springframework.test.context.support.DependencyInjectionTestExecutionListener, org.springframework.test.context.support.DirtiesContextTestExecutionListener, org.springframework.test.context.transaction.TransactionalTestExecutionListener, org.springframework.test.context.jdbc.SqlScriptsTestExecutionListener]
21:57:09.759 [Test worker] INFO  o.s.t.c.w.WebTestContextBootstrapper - Using TestExecutionListeners: [org.springframework.test.context.web.ServletTestExecutionListener@78dab2b5, org.springframework.test.context.support.DirtiesContextBeforeModesTestExecutionListener@36bfaceb, org.springframework.test.context.support.DependencyInjectionTestExecutionListener@330b4bb6, org.springframework.test.context.support.DirtiesContextTestExecutionListener@2eff7413, org.springframework.test.context.transaction.TransactionalTestExecutionListener@31d2463, org.springframework.test.context.jdbc.SqlScriptsTestExecutionListener@480e181f]
21:57:09.780 [Test worker] DEBUG o.s.t.annotation.ProfileValueUtils - Retrieved @ProfileValueSourceConfiguration [null] for test class [com.uniritter.monitor.MonitorApplicationTests]
21:57:09.781 [Test worker] DEBUG o.s.t.annotation.ProfileValueUtils - Retrieved ProfileValueSource type [class org.springframework.test.annotation.SystemProfileValueSource] for class [com.uniritter.monitor.MonitorApplicationTests]
21:57:09.782 [Test worker] DEBUG o.s.t.annotation.ProfileValueUtils - Retrieved @ProfileValueSourceConfiguration [null] for test class [com.uniritter.monitor.MonitorApplicationTests]
21:57:09.782 [Test worker] DEBUG o.s.t.annotation.ProfileValueUtils - Retrieved ProfileValueSource type [class org.springframework.test.annotation.SystemProfileValueSource] for class [com.uniritter.monitor.MonitorApplicationTests]
21:57:09.788 [Test worker] DEBUG o.s.t.c.s.AbstractDirtiesContextTestExecutionListener - Before test class: context [DefaultTestContext@45087c18 testClass = MonitorApplicationTests, testInstance = [null], testMethod = [null], testException = [null], mergedContextConfiguration = [WebMergedContextConfiguration@3cb46de4 testClass = MonitorApplicationTests, locations = '{}', classes = '{class com.uniritter.monitor.MonitorApplication}', contextInitializerClasses = '[]', activeProfiles = '{}', propertySourceLocations = '{}', propertySourceProperties = '{}', resourceBasePath = 'src/main/webapp', contextLoader = 'org.springframework.boot.test.SpringApplicationContextLoader', parent = [null]]], class annotated with @DirtiesContext [false] with mode [null].
21:57:09.789 [Test worker] DEBUG o.s.t.annotation.ProfileValueUtils - Retrieved @ProfileValueSourceConfiguration [null] for test class [com.uniritter.monitor.MonitorApplicationTests]
21:57:09.789 [Test worker] DEBUG o.s.t.annotation.ProfileValueUtils - Retrieved ProfileValueSource type [class org.springframework.test.annotation.SystemProfileValueSource] for class [com.uniritter.monitor.MonitorApplicationTests]
21:57:09.982 [Test worker] DEBUG o.s.core.env.StandardEnvironment - Adding [systemProperties] PropertySource with lowest search precedence
21:57:09.984 [Test worker] DEBUG o.s.core.env.StandardEnvironment - Adding [systemEnvironment] PropertySource with lowest search precedence
21:57:09.985 [Test worker] DEBUG o.s.core.env.StandardEnvironment - Initialized StandardEnvironment with PropertySources [systemProperties,systemEnvironment]
21:57:09.987 [Test worker] DEBUG o.s.core.env.StandardEnvironment - Adding [integrationTest] PropertySource with search precedence immediately lower than [systemEnvironment]
21:57:10.718 [Test worker] DEBUG o.s.c.e.PropertySourcesPropertyResolver - Searching for key 'context.listener.classes' in [systemProperties]
21:57:10.718 [Test worker] DEBUG o.s.c.e.PropertySourcesPropertyResolver - Searching for key 'context.listener.classes' in [systemEnvironment]
21:57:10.718 [Test worker] DEBUG o.s.c.e.PropertySourcesPropertyResolver - Searching for key 'context.listener.classes' in [random]
21:57:10.718 [Test worker] DEBUG o.s.c.e.PropertySourcesPropertyResolver - Searching for key 'context.listener.classes' in [integrationTest]
21:57:10.720 [Test worker] DEBUG o.s.c.e.PropertySourcesPropertyResolver - Searching for key 'context.listener.classes' in [applicationConfigurationProperties]
21:57:10.721 [Test worker] DEBUG o.s.c.e.PropertySourcesPropertyResolver - Could not find key 'context.listener.classes' in any property source. Returning [null]
21:57:10.724 [Test worker] DEBUG o.s.c.e.PropertySourcesPropertyResolver - Searching for key 'banner.location' in [systemProperties]
21:57:10.725 [Test worker] DEBUG o.s.c.e.PropertySourcesPropertyResolver - Searching for key 'banner.location' in [systemEnvironment]
21:57:10.725 [Test worker] DEBUG o.s.c.e.PropertySourcesPropertyResolver - Searching for key 'banner.location' in [random]
21:57:10.725 [Test worker] DEBUG o.s.c.e.PropertySourcesPropertyResolver - Searching for key 'banner.location' in [integrationTest]
21:57:10.726 [Test worker] DEBUG o.s.c.e.PropertySourcesPropertyResolver - Searching for key 'banner.location' in [applicationConfigurationProperties]
21:57:10.726 [Test worker] DEBUG o.s.c.e.PropertySourcesPropertyResolver - Could not find key 'banner.location' in any property source. Returning [null]

  .   ____          _            __ _ _
 /\\ / ___'_ __ _ _(_)_ __  __ _ \ \ \ \
( ( )\___ | '_ | '_| | '_ \/ _` | \ \ \ \
 \\/  ___)| |_)| | | | | || (_| |  ) ) ) )
  '  |____| .__|_| |_|_| |_\__, | / / / /
 =========|_|==============|___/=/_/_/_/
 :: Spring Boot ::        (v1.3.3.RELEASE)

21:57:10.839 [Test worker] DEBUG o.s.c.e.PropertySourcesPropertyResolver - Searching for key 'context.initializer.classes' in [systemProperties]
21:57:10.839 [Test worker] DEBUG o.s.c.e.PropertySourcesPropertyResolver - Searching for key 'context.initializer.classes' in [systemEnvironment]
21:57:10.839 [Test worker] DEBUG o.s.c.e.PropertySourcesPropertyResolver - Searching for key 'context.initializer.classes' in [random]
21:57:10.839 [Test worker] DEBUG o.s.c.e.PropertySourcesPropertyResolver - Searching for key 'context.initializer.classes' in [integrationTest]
21:57:10.839 [Test worker] DEBUG o.s.c.e.PropertySourcesPropertyResolver - Searching for key 'context.initializer.classes' in [applicationConfigurationProperties]
21:57:10.839 [Test worker] DEBUG o.s.c.e.PropertySourcesPropertyResolver - Could not find key 'context.initializer.classes' in any property source. Returning [null]
21:57:10.846 [Test worker] DEBUG o.s.c.e.PropertySourcesPropertyResolver - Searching for key 'spring.config.name:application' in [systemProperties]
21:57:10.847 [Test worker] DEBUG o.s.c.e.PropertySourcesPropertyResolver - Searching for key 'spring.config.name:application' in [systemEnvironment]
21:57:10.849 [Test worker] DEBUG o.s.c.e.PropertySourcesPropertyResolver - Searching for key 'spring.config.name:application' in [random]
21:57:10.849 [Test worker] DEBUG o.s.c.e.PropertySourcesPropertyResolver - Searching for key 'spring.config.name:application' in [integrationTest]
21:57:10.849 [Test worker] DEBUG o.s.c.e.PropertySourcesPropertyResolver - Searching for key 'spring.config.name:application' in [applicationConfigurationProperties]
21:57:10.849 [Test worker] DEBUG o.s.c.e.PropertySourcesPropertyResolver - Could not find key 'spring.config.name:application' in any property source. Returning [null]
21:57:10.849 [Test worker] DEBUG o.s.c.e.PropertySourcesPropertyResolver - Searching for key 'spring.config.name' in [systemProperties]
21:57:10.849 [Test worker] DEBUG o.s.c.e.PropertySourcesPropertyResolver - Searching for key 'spring.config.name' in [systemEnvironment]
21:57:10.849 [Test worker] DEBUG o.s.c.e.PropertySourcesPropertyResolver - Searching for key 'spring.config.name' in [random]
21:57:10.849 [Test worker] DEBUG o.s.c.e.PropertySourcesPropertyResolver - Searching for key 'spring.config.name' in [integrationTest]
21:57:10.850 [Test worker] DEBUG o.s.c.e.PropertySourcesPropertyResolver - Searching for key 'spring.config.name' in [applicationConfigurationProperties]
21:57:10.850 [Test worker] DEBUG o.s.c.e.PropertySourcesPropertyResolver - Could not find key 'spring.config.name' in any property source. Returning [null]
21:57:10.850 [Test worker] DEBUG o.s.c.e.PropertySourcesPropertyResolver - Searching for key 'vcap.application.name:application' in [systemProperties]
21:57:10.850 [Test worker] DEBUG o.s.c.e.PropertySourcesPropertyResolver - Searching for key 'vcap.application.name:application' in [systemEnvironment]
21:57:10.850 [Test worker] DEBUG o.s.c.e.PropertySourcesPropertyResolver - Searching for key 'vcap.application.name:application' in [random]
21:57:10.850 [Test worker] DEBUG o.s.c.e.PropertySourcesPropertyResolver - Searching for key 'vcap.application.name:application' in [integrationTest]
21:57:10.850 [Test worker] DEBUG o.s.c.e.PropertySourcesPropertyResolver - Searching for key 'vcap.application.name:application' in [applicationConfigurationProperties]
21:57:10.851 [Test worker] DEBUG o.s.c.e.PropertySourcesPropertyResolver - Could not find key 'vcap.application.name:application' in any property source. Returning [null]
21:57:10.851 [Test worker] DEBUG o.s.c.e.PropertySourcesPropertyResolver - Searching for key 'vcap.application.name' in [systemProperties]
21:57:10.851 [Test worker] DEBUG o.s.c.e.PropertySourcesPropertyResolver - Searching for key 'vcap.application.name' in [systemEnvironment]
21:57:10.851 [Test worker] DEBUG o.s.c.e.PropertySourcesPropertyResolver - Searching for key 'vcap.application.name' in [random]
21:57:10.851 [Test worker] DEBUG o.s.c.e.PropertySourcesPropertyResolver - Searching for key 'vcap.application.name' in [integrationTest]
21:57:10.851 [Test worker] DEBUG o.s.c.e.PropertySourcesPropertyResolver - Searching for key 'vcap.application.name' in [applicationConfigurationProperties]
21:57:10.852 [Test worker] DEBUG o.s.c.e.PropertySourcesPropertyResolver - Could not find key 'vcap.application.name' in any property source. Returning [null]
21:57:10.852 [Test worker] DEBUG o.s.c.e.PropertySourcesPropertyResolver - Searching for key 'spring.application.name:application' in [systemProperties]
21:57:10.852 [Test worker] DEBUG o.s.c.e.PropertySourcesPropertyResolver - Searching for key 'spring.application.name:application' in [systemEnvironment]
21:57:10.852 [Test worker] DEBUG o.s.c.e.PropertySourcesPropertyResolver - Searching for key 'spring.application.name:application' in [random]
21:57:10.852 [Test worker] DEBUG o.s.c.e.PropertySourcesPropertyResolver - Searching for key 'spring.application.name:application' in [integrationTest]
21:57:10.852 [Test worker] DEBUG o.s.c.e.PropertySourcesPropertyResolver - Searching for key 'spring.application.name:application' in [applicationConfigurationProperties]
21:57:10.852 [Test worker] DEBUG o.s.c.e.PropertySourcesPropertyResolver - Could not find key 'spring.application.name:application' in any property source. Returning [null]
21:57:10.852 [Test worker] DEBUG o.s.c.e.PropertySourcesPropertyResolver - Searching for key 'spring.application.name' in [systemProperties]
21:57:10.852 [Test worker] DEBUG o.s.c.e.PropertySourcesPropertyResolver - Searching for key 'spring.application.name' in [systemEnvironment]
21:57:10.852 [Test worker] DEBUG o.s.c.e.PropertySourcesPropertyResolver - Searching for key 'spring.application.name' in [random]
21:57:10.852 [Test worker] DEBUG o.s.c.e.PropertySourcesPropertyResolver - Searching for key 'spring.application.name' in [integrationTest]
21:57:10.853 [Test worker] DEBUG o.s.c.e.PropertySourcesPropertyResolver - Searching for key 'spring.application.name' in [applicationConfigurationProperties]
21:57:10.853 [Test worker] DEBUG o.s.c.e.PropertySourcesPropertyResolver - Could not find key 'spring.application.name' in any property source. Returning [null]
21:57:10.853 [Test worker] DEBUG o.s.c.e.PropertySourcesPropertyResolver - Searching for key 'PORT:null' in [systemProperties]
21:57:10.853 [Test worker] DEBUG o.s.c.e.PropertySourcesPropertyResolver - Searching for key 'PORT:null' in [systemEnvironment]
21:57:10.853 [Test worker] DEBUG o.s.c.e.PropertySourcesPropertyResolver - Searching for key 'PORT:null' in [random]
21:57:10.853 [Test worker] DEBUG o.s.c.e.PropertySourcesPropertyResolver - Searching for key 'PORT:null' in [integrationTest]
21:57:10.853 [Test worker] DEBUG o.s.c.e.PropertySourcesPropertyResolver - Searching for key 'PORT:null' in [applicationConfigurationProperties]
21:57:10.853 [Test worker] DEBUG o.s.c.e.PropertySourcesPropertyResolver - Could not find key 'PORT:null' in any property source. Returning [null]
21:57:10.853 [Test worker] DEBUG o.s.c.e.PropertySourcesPropertyResolver - Searching for key 'PORT' in [systemProperties]
21:57:10.853 [Test worker] DEBUG o.s.c.e.PropertySourcesPropertyResolver - Searching for key 'PORT' in [systemEnvironment]
21:57:10.853 [Test worker] DEBUG o.s.c.e.PropertySourcesPropertyResolver - Searching for key 'PORT' in [random]
21:57:10.853 [Test worker] DEBUG o.s.c.e.PropertySourcesPropertyResolver - Searching for key 'PORT' in [integrationTest]
21:57:10.853 [Test worker] DEBUG o.s.c.e.PropertySourcesPropertyResolver - Searching for key 'PORT' in [applicationConfigurationProperties]
21:57:10.854 [Test worker] DEBUG o.s.c.e.PropertySourcesPropertyResolver - Could not find key 'PORT' in any property source. Returning [null]
21:57:10.854 [Test worker] DEBUG o.s.c.e.PropertySourcesPropertyResolver - Searching for key 'server.port:null' in [systemProperties]
21:57:10.854 [Test worker] DEBUG o.s.c.e.PropertySourcesPropertyResolver - Searching for key 'server.port:null' in [systemEnvironment]
21:57:10.854 [Test worker] DEBUG o.s.c.e.PropertySourcesPropertyResolver - Searching for key 'server.port:null' in [random]
21:57:10.855 [Test worker] DEBUG o.s.c.e.PropertySourcesPropertyResolver - Searching for key 'server.port:null' in [integrationTest]
21:57:10.855 [Test worker] DEBUG o.s.c.e.PropertySourcesPropertyResolver - Searching for key 'server.port:null' in [applicationConfigurationProperties]
21:57:10.855 [Test worker] DEBUG o.s.c.e.PropertySourcesPropertyResolver - Could not find key 'server.port:null' in any property source. Returning [null]
21:57:10.855 [Test worker] DEBUG o.s.c.e.PropertySourcesPropertyResolver - Searching for key 'server.port' in [systemProperties]
21:57:10.855 [Test worker] DEBUG o.s.c.e.PropertySourcesPropertyResolver - Searching for key 'server.port' in [systemEnvironment]
21:57:10.855 [Test worker] DEBUG o.s.c.e.PropertySourcesPropertyResolver - Searching for key 'server.port' in [random]
21:57:10.855 [Test worker] DEBUG o.s.c.e.PropertySourcesPropertyResolver - Searching for key 'server.port' in [integrationTest]
21:57:10.855 [Test worker] DEBUG o.s.c.e.PropertySourcesPropertyResolver - Found key 'server.port' in [integrationTest] with type [String] and value '-1'
21:57:10.859 [Test worker] DEBUG o.s.c.e.PropertySourcesPropertyResolver - Searching for key 'spring.application.index:-1' in [systemProperties]
21:57:10.859 [Test worker] DEBUG o.s.c.e.PropertySourcesPropertyResolver - Searching for key 'spring.application.index:-1' in [systemEnvironment]
21:57:10.859 [Test worker] DEBUG o.s.c.e.PropertySourcesPropertyResolver - Searching for key 'spring.application.index:-1' in [random]
21:57:10.860 [Test worker] DEBUG o.s.c.e.PropertySourcesPropertyResolver - Searching for key 'spring.application.index:-1' in [integrationTest]
21:57:10.860 [Test worker] DEBUG o.s.c.e.PropertySourcesPropertyResolver - Searching for key 'spring.application.index:-1' in [applicationConfigurationProperties]
21:57:10.860 [Test worker] DEBUG o.s.c.e.PropertySourcesPropertyResolver - Could not find key 'spring.application.index:-1' in any property source. Returning [null]
21:57:10.860 [Test worker] DEBUG o.s.c.e.PropertySourcesPropertyResolver - Searching for key 'spring.application.index' in [systemProperties]
21:57:10.860 [Test worker] DEBUG o.s.c.e.PropertySourcesPropertyResolver - Searching for key 'spring.application.index' in [systemEnvironment]
21:57:10.860 [Test worker] DEBUG o.s.c.e.PropertySourcesPropertyResolver - Searching for key 'spring.application.index' in [random]
21:57:10.860 [Test worker] DEBUG o.s.c.e.PropertySourcesPropertyResolver - Searching for key 'spring.application.index' in [integrationTest]
21:57:10.860 [Test worker] DEBUG o.s.c.e.PropertySourcesPropertyResolver - Searching for key 'spring.application.index' in [applicationConfigurationProperties]
21:57:10.860 [Test worker] DEBUG o.s.c.e.PropertySourcesPropertyResolver - Could not find key 'spring.application.index' in any property source. Returning [null]
21:57:10.860 [Test worker] DEBUG o.s.c.e.PropertySourcesPropertyResolver - Searching for key 'vcap.application.instance_index:-1' in [systemProperties]
21:57:10.860 [Test worker] DEBUG o.s.c.e.PropertySourcesPropertyResolver - Searching for key 'vcap.application.instance_index:-1' in [systemEnvironment]
21:57:10.860 [Test worker] DEBUG o.s.c.e.PropertySourcesPropertyResolver - Searching for key 'vcap.application.instance_index:-1' in [random]
21:57:10.861 [Test worker] DEBUG o.s.c.e.PropertySourcesPropertyResolver - Searching for key 'vcap.application.instance_index:-1' in [integrationTest]
21:57:10.861 [Test worker] DEBUG o.s.c.e.PropertySourcesPropertyResolver - Searching for key 'vcap.application.instance_index:-1' in [applicationConfigurationProperties]
21:57:10.861 [Test worker] DEBUG o.s.c.e.PropertySourcesPropertyResolver - Could not find key 'vcap.application.instance_index:-1' in any property source. Returning [null]
21:57:10.861 [Test worker] DEBUG o.s.c.e.PropertySourcesPropertyResolver - Searching for key 'vcap.application.instance_index' in [systemProperties]
21:57:10.861 [Test worker] DEBUG o.s.c.e.PropertySourcesPropertyResolver - Searching for key 'vcap.application.instance_index' in [systemEnvironment]
21:57:10.861 [Test worker] DEBUG o.s.c.e.PropertySourcesPropertyResolver - Searching for key 'vcap.application.instance_index' in [random]
21:57:10.861 [Test worker] DEBUG o.s.c.e.PropertySourcesPropertyResolver - Searching for key 'vcap.application.instance_index' in [integrationTest]
21:57:10.861 [Test worker] DEBUG o.s.c.e.PropertySourcesPropertyResolver - Searching for key 'vcap.application.instance_index' in [applicationConfigurationProperties]
21:57:10.861 [Test worker] DEBUG o.s.c.e.PropertySourcesPropertyResolver - Could not find key 'vcap.application.instance_index' in any property source. Returning [null]
21:57:10.861 [Test worker] DEBUG o.s.c.e.PropertySourcesPropertyResolver - Searching for key 'spring.profiles.active' in [systemProperties]
21:57:10.861 [Test worker] DEBUG o.s.c.e.PropertySourcesPropertyResolver - Searching for key 'spring.profiles.active' in [systemEnvironment]
21:57:10.862 [Test worker] DEBUG o.s.c.e.PropertySourcesPropertyResolver - Searching for key 'spring.profiles.active' in [random]
21:57:10.862 [Test worker] DEBUG o.s.c.e.PropertySourcesPropertyResolver - Searching for key 'spring.profiles.active' in [integrationTest]
21:57:10.862 [Test worker] DEBUG o.s.c.e.PropertySourcesPropertyResolver - Searching for key 'spring.profiles.active' in [applicationConfigurationProperties]
21:57:10.862 [Test worker] DEBUG o.s.c.e.PropertySourcesPropertyResolver - Could not find key 'spring.profiles.active' in any property source. Returning [null]
21:57:10.878 [Test worker] INFO  c.u.monitor.MonitorApplicationTests - Starting MonitorApplicationTests on Brusca_pc with PID 6428 (C:\Users\Brusca\Documents\workspaceEclipse\Trabalho_desenv_tech_java\build\classes\test started by Brusca in C:\Users\Brusca\Documents\workspaceEclipse\Trabalho_desenv_tech_java)
21:57:10.879 [Test worker] DEBUG c.u.monitor.MonitorApplicationTests - Running with Spring Boot v1.3.3.RELEASE, Spring v4.2.5.RELEASE
21:57:10.879 [Test worker] DEBUG o.s.c.e.PropertySourcesPropertyResolver - Searching for key 'spring.profiles.active' in [systemProperties]
21:57:10.879 [Test worker] DEBUG o.s.c.e.PropertySourcesPropertyResolver - Searching for key 'spring.profiles.active' in [systemEnvironment]
21:57:10.880 [Test worker] DEBUG o.s.c.e.PropertySourcesPropertyResolver - Searching for key 'spring.profiles.active' in [random]
21:57:10.880 [Test worker] DEBUG o.s.c.e.PropertySourcesPropertyResolver - Searching for key 'spring.profiles.active' in [integrationTest]
21:57:10.880 [Test worker] DEBUG o.s.c.e.PropertySourcesPropertyResolver - Searching for key 'spring.profiles.active' in [applicationConfigurationProperties]
21:57:10.880 [Test worker] DEBUG o.s.c.e.PropertySourcesPropertyResolver - Could not find key 'spring.profiles.active' in any property source. Returning [null]
21:57:10.880 [Test worker] DEBUG o.s.c.e.PropertySourcesPropertyResolver - Searching for key 'spring.profiles.default' in [systemProperties]
21:57:10.880 [Test worker] DEBUG o.s.c.e.PropertySourcesPropertyResolver - Searching for key 'spring.profiles.default' in [systemEnvironment]
21:57:10.880 [Test worker] DEBUG o.s.c.e.PropertySourcesPropertyResolver - Searching for key 'spring.profiles.default' in [random]
21:57:10.880 [Test worker] DEBUG o.s.c.e.PropertySourcesPropertyResolver - Searching for key 'spring.profiles.default' in [integrationTest]
21:57:10.880 [Test worker] DEBUG o.s.c.e.PropertySourcesPropertyResolver - Searching for key 'spring.profiles.default' in [applicationConfigurationProperties]
21:57:10.880 [Test worker] DEBUG o.s.c.e.PropertySourcesPropertyResolver - Could not find key 'spring.profiles.default' in any property source. Returning [null]
21:57:10.880 [Test worker] INFO  c.u.monitor.MonitorApplicationTests - No active profile set, falling back to default profiles: default
21:57:10.881 [Test worker] DEBUG o.s.boot.SpringApplication - Loading source class com.uniritter.monitor.MonitorApplication
21:57:11.032 [Test worker] DEBUG o.s.c.a.ClassPathBeanDefinitionScanner - JSR-250 'javax.annotation.ManagedBean' found and supported for component scanning
21:57:11.034 [Test worker] DEBUG o.s.c.a.ClassPathBeanDefinitionScanner - JSR-330 'javax.inject.Named' annotation found and supported for component scanning
21:57:11.095 [Test worker] DEBUG o.s.b.c.c.ConfigFileApplicationListener - Loaded config file 'classpath:/application.properties'
21:57:11.095 [Test worker] DEBUG o.s.b.c.c.ConfigFileApplicationListener - Skipped (empty) config file 'classpath:/application.properties' for profile default
21:57:11.117 [Test worker] INFO  o.s.w.c.s.GenericWebApplicationContext - Refreshing org.springframework.web.context.support.GenericWebApplicationContext@2a88404d: startup date [Wed Jun 29 21:57:11 BRT 2016]; root of context hierarchy
21:57:11.117 [Test worker] DEBUG o.s.w.c.s.GenericWebApplicationContext - Bean factory for org.springframework.web.context.support.GenericWebApplicationContext@2a88404d: org.springframework.beans.factory.support.DefaultListableBeanFactory@5366bc48: defining beans [org.springframework.context.annotation.internalConfigurationAnnotationProcessor,org.springframework.context.annotation.internalAutowiredAnnotationProcessor,org.springframework.context.annotation.internalRequiredAnnotationProcessor,org.springframework.context.annotation.internalCommonAnnotationProcessor,org.springframework.context.event.internalEventListenerProcessor,org.springframework.context.event.internalEventListenerFactory,monitorApplication]; root of factory hierarchy
21:57:11.143 [Test worker] DEBUG o.s.b.f.s.DefaultListableBeanFactory - Registering scope 'request' with implementation [org.springframework.web.context.request.RequestScope@fb5a564]
21:57:11.144 [Test worker] DEBUG o.s.b.f.s.DefaultListableBeanFactory - Registering scope 'session' with implementation [org.springframework.web.context.request.SessionScope@37c5d83]
21:57:11.144 [Test worker] DEBUG o.s.b.f.s.DefaultListableBeanFactory - Registering scope 'globalSession' with implementation [org.springframework.web.context.request.SessionScope@2140560d]
21:57:11.145 [Test worker] DEBUG o.s.b.f.s.DefaultListableBeanFactory - Registering scope 'application' with implementation [org.springframework.web.context.support.ServletContextScope@5ed55263]
21:57:11.151 [Test worker] DEBUG o.s.b.f.s.DefaultListableBeanFactory - Creating shared instance of singleton bean 'org.springframework.context.annotation.internalConfigurationAnnotationProcessor'
21:57:11.151 [Test worker] DEBUG o.s.b.f.s.DefaultListableBeanFactory - Creating instance of bean 'org.springframework.context.annotation.internalConfigurationAnnotationProcessor'
21:57:11.158 [Test worker] DEBUG o.s.b.f.s.DefaultListableBeanFactory - Eagerly caching bean 'org.springframework.context.annotation.internalConfigurationAnnotationProcessor' to allow for resolving potential circular references
21:57:11.161 [Test worker] DEBUG o.s.b.f.s.DefaultListableBeanFactory - Finished creating instance of bean 'org.springframework.context.annotation.internalConfigurationAnnotationProcessor'
21:57:11.186 [Test worker] DEBUG o.s.core.env.StandardEnvironment - Adding [systemProperties] PropertySource with lowest search precedence
21:57:11.186 [Test worker] DEBUG o.s.core.env.StandardEnvironment - Adding [systemEnvironment] PropertySource with lowest search precedence
21:57:11.186 [Test worker] DEBUG o.s.core.env.StandardEnvironment - Initialized StandardEnvironment with PropertySources [systemProperties,systemEnvironment]
21:57:11.186 [Test worker] DEBUG o.s.c.a.ClassPathBeanDefinitionScanner - JSR-250 'javax.annotation.ManagedBean' found and supported for component scanning
21:57:11.186 [Test worker] DEBUG o.s.c.a.ClassPathBeanDefinitionScanner - JSR-330 'javax.inject.Named' annotation found and supported for component scanning
21:57:11.188 [Test worker] DEBUG o.s.c.i.s.PathMatchingResourcePatternResolver - Resolved classpath location [com/uniritter/monitor/] to resources [URL [file:/C:/Users/Brusca/Documents/workspaceEclipse/Trabalho_desenv_tech_java/build/classes/test/com/uniritter/monitor/], URL [file:/C:/Users/Brusca/Documents/workspaceEclipse/Trabalho_desenv_tech_java/build/classes/main/com/uniritter/monitor/]]
21:57:11.190 [Test worker] DEBUG o.s.c.i.s.PathMatchingResourcePatternResolver - Looking for matching resources in directory tree [C:\Users\Brusca\Documents\workspaceEclipse\Trabalho_desenv_tech_java\build\classes\test\com\uniritter\monitor]
21:57:11.190 [Test worker] DEBUG o.s.c.i.s.PathMatchingResourcePatternResolver - Searching directory [C:\Users\Brusca\Documents\workspaceEclipse\Trabalho_desenv_tech_java\build\classes\test\com\uniritter\monitor] for files matching pattern [C:/Users/Brusca/Documents/workspaceEclipse/Trabalho_desenv_tech_java/build/classes/test/com/uniritter/monitor/**/*.class]
21:57:11.194 [Test worker] DEBUG o.s.c.i.s.PathMatchingResourcePatternResolver - Looking for matching resources in directory tree [C:\Users\Brusca\Documents\workspaceEclipse\Trabalho_desenv_tech_java\build\classes\main\com\uniritter\monitor]
21:57:11.194 [Test worker] DEBUG o.s.c.i.s.PathMatchingResourcePatternResolver - Searching directory [C:\Users\Brusca\Documents\workspaceEclipse\Trabalho_desenv_tech_java\build\classes\main\com\uniritter\monitor] for files matching pattern [C:/Users/Brusca/Documents/workspaceEclipse/Trabalho_desenv_tech_java/build/classes/main/com/uniritter/monitor/**/*.class]
21:57:11.195 [Test worker] DEBUG o.s.c.i.s.PathMatchingResourcePatternResolver - Searching directory [C:\Users\Brusca\Documents\workspaceEclipse\Trabalho_desenv_tech_java\build\classes\main\com\uniritter\monitor\domain] for files matching pattern [C:/Users/Brusca/Documents/workspaceEclipse/Trabalho_desenv_tech_java/build/classes/main/com/uniritter/monitor/**/*.class]
21:57:11.196 [Test worker] DEBUG o.s.c.i.s.PathMatchingResourcePatternResolver - Searching directory [C:\Users\Brusca\Documents\workspaceEclipse\Trabalho_desenv_tech_java\build\classes\main\com\uniritter\monitor\domain\alertas] for files matching pattern [C:/Users/Brusca/Documents/workspaceEclipse/Trabalho_desenv_tech_java/build/classes/main/com/uniritter/monitor/**/*.class]
21:57:11.204 [Test worker] DEBUG o.s.c.i.s.PathMatchingResourcePatternResolver - Searching directory [C:\Users\Brusca\Documents\workspaceEclipse\Trabalho_desenv_tech_java\build\classes\main\com\uniritter\monitor\domain\host] for files matching pattern [C:/Users/Brusca/Documents/workspaceEclipse/Trabalho_desenv_tech_java/build/classes/main/com/uniritter/monitor/**/*.class]
21:57:11.206 [Test worker] DEBUG o.s.c.i.s.PathMatchingResourcePatternResolver - Searching directory [C:\Users\Brusca\Documents\workspaceEclipse\Trabalho_desenv_tech_java\build\classes\main\com\uniritter\monitor\domain\metricas] for files matching pattern [C:/Users/Brusca/Documents/workspaceEclipse/Trabalho_desenv_tech_java/build/classes/main/com/uniritter/monitor/**/*.class]
21:57:11.207 [Test worker] DEBUG o.s.c.i.s.PathMatchingResourcePatternResolver - Searching directory [C:\Users\Brusca\Documents\workspaceEclipse\Trabalho_desenv_tech_java\build\classes\main\com\uniritter\monitor\domain\persistance] for files matching pattern [C:/Users/Brusca/Documents/workspaceEclipse/Trabalho_desenv_tech_java/build/classes/main/com/uniritter/monitor/**/*.class]
21:57:11.207 [Test worker] DEBUG o.s.c.i.s.PathMatchingResourcePatternResolver - Searching directory [C:\Users\Brusca\Documents\workspaceEclipse\Trabalho_desenv_tech_java\build\classes\main\com\uniritter\monitor\domain\regras] for files matching pattern [C:/Users/Brusca/Documents/workspaceEclipse/Trabalho_desenv_tech_java/build/classes/main/com/uniritter/monitor/**/*.class]
21:57:11.208 [Test worker] DEBUG o.s.c.i.s.PathMatchingResourcePatternResolver - Searching directory [C:\Users\Brusca\Documents\workspaceEclipse\Trabalho_desenv_tech_java\build\classes\main\com\uniritter\monitor\domain\tipo] for files matching pattern [C:/Users/Brusca/Documents/workspaceEclipse/Trabalho_desenv_tech_java/build/classes/main/com/uniritter/monitor/**/*.class]
21:57:11.209 [Test worker] DEBUG o.s.c.i.s.PathMatchingResourcePatternResolver - Searching directory [C:\Users\Brusca\Documents\workspaceEclipse\Trabalho_desenv_tech_java\build\classes\main\com\uniritter\monitor\main_test] for files matching pattern [C:/Users/Brusca/Documents/workspaceEclipse/Trabalho_desenv_tech_java/build/classes/main/com/uniritter/monitor/**/*.class]
21:57:11.209 [Test worker] DEBUG o.s.c.i.s.PathMatchingResourcePatternResolver - Searching directory [C:\Users\Brusca\Documents\workspaceEclipse\Trabalho_desenv_tech_java\build\classes\main\com\uniritter\monitor\rest] for files matching pattern [C:/Users/Brusca/Documents/workspaceEclipse/Trabalho_desenv_tech_java/build/classes/main/com/uniritter/monitor/**/*.class]
21:57:11.209 [Test worker] DEBUG o.s.c.i.s.PathMatchingResourcePatternResolver - Searching directory [C:\Users\Brusca\Documents\workspaceEclipse\Trabalho_desenv_tech_java\build\classes\main\com\uniritter\monitor\rest\events] for files matching pattern [C:/Users/Brusca/Documents/workspaceEclipse/Trabalho_desenv_tech_java/build/classes/main/com/uniritter/monitor/**/*.class]
21:57:11.211 [Test worker] DEBUG o.s.c.i.s.PathMatchingResourcePatternResolver - Resolved location pattern [classpath*:com/uniritter/monitor/**/*.class] to resources [file [C:\Users\Brusca\Documents\workspaceEclipse\Trabalho_desenv_tech_java\build\classes\test\com\uniritter\monitor\MonitorApplicationTests.class], file [C:\Users\Brusca\Documents\workspaceEclipse\Trabalho_desenv_tech_java\build\classes\main\com\uniritter\monitor\domain\alertas\Alerta.class], file [C:\Users\Brusca\Documents\workspaceEclipse\Trabalho_desenv_tech_java\build\classes\main\com\uniritter\monitor\domain\alertas\AlertaService.class], file [C:\Users\Brusca\Documents\workspaceEclipse\Trabalho_desenv_tech_java\build\classes\main\com\uniritter\monitor\domain\alertas\Notificacao.class], file [C:\Users\Brusca\Documents\workspaceEclipse\Trabalho_desenv_tech_java\build\classes\main\com\uniritter\monitor\domain\host\Cidades.class], file [C:\Users\Brusca\Documents\workspaceEclipse\Trabalho_desenv_tech_java\build\classes\main\com\uniritter\monitor\domain\host\Grupo.class], file [C:\Users\Brusca\Documents\workspaceEclipse\Trabalho_desenv_tech_java\build\classes\main\com\uniritter\monitor\domain\host\Host.class], file [C:\Users\Brusca\Documents\workspaceEclipse\Trabalho_desenv_tech_java\build\classes\main\com\uniritter\monitor\domain\metricas\Medicao.class], file [C:\Users\Brusca\Documents\workspaceEclipse\Trabalho_desenv_tech_java\build\classes\main\com\uniritter\monitor\domain\metricas\MedicaoRepository.class], file [C:\Users\Brusca\Documents\workspaceEclipse\Trabalho_desenv_tech_java\build\classes\main\com\uniritter\monitor\domain\metricas\MedicaoService.class], file [C:\Users\Brusca\Documents\workspaceEclipse\Trabalho_desenv_tech_java\build\classes\main\com\uniritter\monitor\domain\metricas\Metrica.class], file [C:\Users\Brusca\Documents\workspaceEclipse\Trabalho_desenv_tech_java\build\classes\main\com\uniritter\monitor\domain\metricas\MetricaRepository.class], file [C:\Users\Brusca\Documents\workspaceEclipse\Trabalho_desenv_tech_java\build\classes\main\com\uniritter\monitor\domain\metricas\MetricaService.class], file [C:\Users\Brusca\Documents\workspaceEclipse\Trabalho_desenv_tech_java\build\classes\main\com\uniritter\monitor\domain\persistance\MedicaoDao.class], file [C:\Users\Brusca\Documents\workspaceEclipse\Trabalho_desenv_tech_java\build\classes\main\com\uniritter\monitor\domain\persistance\MedicaoRowMapper.class], file [C:\Users\Brusca\Documents\workspaceEclipse\Trabalho_desenv_tech_java\build\classes\main\com\uniritter\monitor\domain\persistance\MetricaDao.class], file [C:\Users\Brusca\Documents\workspaceEclipse\Trabalho_desenv_tech_java\build\classes\main\com\uniritter\monitor\domain\persistance\MetricaRowMapper.class], file [C:\Users\Brusca\Documents\workspaceEclipse\Trabalho_desenv_tech_java\build\classes\main\com\uniritter\monitor\domain\persistance\RegraDao.class], file [C:\Users\Brusca\Documents\workspaceEclipse\Trabalho_desenv_tech_java\build\classes\main\com\uniritter\monitor\domain\persistance\RegraRowMapper.class], file [C:\Users\Brusca\Documents\workspaceEclipse\Trabalho_desenv_tech_java\build\classes\main\com\uniritter\monitor\domain\regras\Regra.class], file [C:\Users\Brusca\Documents\workspaceEclipse\Trabalho_desenv_tech_java\build\classes\main\com\uniritter\monitor\domain\regras\RegraRepository.class], file [C:\Users\Brusca\Documents\workspaceEclipse\Trabalho_desenv_tech_java\build\classes\main\com\uniritter\monitor\domain\regras\RegraService.class], file [C:\Users\Brusca\Documents\workspaceEclipse\Trabalho_desenv_tech_java\build\classes\main\com\uniritter\monitor\domain\tipo\Tipo.class], file [C:\Users\Brusca\Documents\workspaceEclipse\Trabalho_desenv_tech_java\build\classes\main\com\uniritter\monitor\domain\tipo\TipoTempo.class], file [C:\Users\Brusca\Documents\workspaceEclipse\Trabalho_desenv_tech_java\build\classes\main\com\uniritter\monitor\main_test\main_test.class], file [C:\Users\Brusca\Documents\workspaceEclipse\Trabalho_desenv_tech_java\build\classes\main\com\uniritter\monitor\MonitorApplication.class], file [C:\Users\Brusca\Documents\workspaceEclipse\Trabalho_desenv_tech_java\build\classes\main\com\uniritter\monitor\rest\events\EventMetrica.class], file [C:\Users\Brusca\Documents\workspaceEclipse\Trabalho_desenv_tech_java\build\classes\main\com\uniritter\monitor\rest\events\EventRegra.class], file [C:\Users\Brusca\Documents\workspaceEclipse\Trabalho_desenv_tech_java\build\classes\main\com\uniritter\monitor\rest\JerseyConfig.class], file [C:\Users\Brusca\Documents\workspaceEclipse\Trabalho_desenv_tech_java\build\classes\main\com\uniritter\monitor\rest\MetricaController.class], file [C:\Users\Brusca\Documents\workspaceEclipse\Trabalho_desenv_tech_java\build\classes\main\com\uniritter\monitor\rest\RegraController.class], file [C:\Users\Brusca\Documents\workspaceEclipse\Trabalho_desenv_tech_java\build\classes\main\com\uniritter\monitor\rest\ServiceJsonMedicao.class]]
21:57:11.245 [Test worker] DEBUG o.s.c.a.ClassPathBeanDefinitionScanner - Identified candidate component class: file [C:\Users\Brusca\Documents\workspaceEclipse\Trabalho_desenv_tech_java\build\classes\main\com\uniritter\monitor\domain\alertas\AlertaService.class]
21:57:11.248 [Test worker] DEBUG o.s.c.a.ClassPathBeanDefinitionScanner - Identified candidate component class: file [C:\Users\Brusca\Documents\workspaceEclipse\Trabalho_desenv_tech_java\build\classes\main\com\uniritter\monitor\domain\metricas\MedicaoRepository.class]
21:57:11.249 [Test worker] DEBUG o.s.c.a.ClassPathBeanDefinitionScanner - Identified candidate component class: file [C:\Users\Brusca\Documents\workspaceEclipse\Trabalho_desenv_tech_java\build\classes\main\com\uniritter\monitor\domain\metricas\MedicaoService.class]
21:57:11.250 [Test worker] DEBUG o.s.c.a.ClassPathBeanDefinitionScanner - Identified candidate component class: file [C:\Users\Brusca\Documents\workspaceEclipse\Trabalho_desenv_tech_java\build\classes\main\com\uniritter\monitor\domain\metricas\MetricaRepository.class]
21:57:11.250 [Test worker] DEBUG o.s.c.a.ClassPathBeanDefinitionScanner - Identified candidate component class: file [C:\Users\Brusca\Documents\workspaceEclipse\Trabalho_desenv_tech_java\build\classes\main\com\uniritter\monitor\domain\metricas\MetricaService.class]
21:57:11.251 [Test worker] DEBUG o.s.c.a.ClassPathBeanDefinitionScanner - Identified candidate component class: file [C:\Users\Brusca\Documents\workspaceEclipse\Trabalho_desenv_tech_java\build\classes\main\com\uniritter\monitor\domain\persistance\MedicaoDao.class]
21:57:11.252 [Test worker] DEBUG o.s.c.a.ClassPathBeanDefinitionScanner - Identified candidate component class: file [C:\Users\Brusca\Documents\workspaceEclipse\Trabalho_desenv_tech_java\build\classes\main\com\uniritter\monitor\domain\persistance\MetricaDao.class]
21:57:11.253 [Test worker] DEBUG o.s.c.a.ClassPathBeanDefinitionScanner - Identified candidate component class: file [C:\Users\Brusca\Documents\workspaceEclipse\Trabalho_desenv_tech_java\build\classes\main\com\uniritter\monitor\domain\persistance\RegraDao.class]
21:57:11.254 [Test worker] DEBUG o.s.c.a.ClassPathBeanDefinitionScanner - Identified candidate component class: file [C:\Users\Brusca\Documents\workspaceEclipse\Trabalho_desenv_tech_java\build\classes\main\com\uniritter\monitor\domain\regras\RegraRepository.class]
21:57:11.255 [Test worker] DEBUG o.s.c.a.ClassPathBeanDefinitionScanner - Identified candidate component class: file [C:\Users\Brusca\Documents\workspaceEclipse\Trabalho_desenv_tech_java\build\classes\main\com\uniritter\monitor\domain\regras\RegraService.class]
21:57:11.276 [Test worker] DEBUG o.s.c.a.ClassPathBeanDefinitionScanner - Identified candidate component class: file [C:\Users\Brusca\Documents\workspaceEclipse\Trabalho_desenv_tech_java\build\classes\main\com\uniritter\monitor\rest\JerseyConfig.class]
21:57:11.323 [Test worker] DEBUG o.s.c.a.ClassPathBeanDefinitionScanner - Identified candidate component class: file [C:\Users\Brusca\Documents\workspaceEclipse\Trabalho_desenv_tech_java\build\classes\main\com\uniritter\monitor\rest\MetricaController.class]
21:57:11.324 [Test worker] DEBUG o.s.c.a.ClassPathBeanDefinitionScanner - Identified candidate component class: file [C:\Users\Brusca\Documents\workspaceEclipse\Trabalho_desenv_tech_java\build\classes\main\com\uniritter\monitor\rest\RegraController.class]
21:57:11.448 [Test worker] DEBUG o.s.c.e.PropertySourcesPropertyResolver - Searching for key 'java.runtime.name' in [systemProperties]
21:57:11.448 [Test worker] DEBUG o.s.c.e.PropertySourcesPropertyResolver - Found key 'java.runtime.name' in [systemProperties] with type [String] and value 'Java(TM) SE Runtime Environment'
21:57:11.450 [Test worker] DEBUG o.s.c.e.PropertySourcesPropertyResolver - Searching for key 'sun.boot.library.path' in [systemProperties]
21:57:11.450 [Test worker] DEBUG o.s.c.e.PropertySourcesPropertyResolver - Found key 'sun.boot.library.path' in [systemProperties] with type [String] and value 'C:\Program Files\Java\jdk1.8.0_73\jre\bin'
21:57:11.450 [Test worker] DEBUG o.s.c.e.PropertySourcesPropertyResolver - Searching for key 'java.vm.version' in [systemProperties]
21:57:11.450 [Test worker] DEBUG o.s.c.e.PropertySourcesPropertyResolver - Found key 'java.vm.version' in [systemProperties] with type [String] and value '25.73-b02'
21:57:11.450 [Test worker] DEBUG o.s.c.e.PropertySourcesPropertyResolver - Searching for key 'java.vm.vendor' in [systemProperties]
21:57:11.450 [Test worker] DEBUG o.s.c.e.PropertySourcesPropertyResolver - Found key 'java.vm.vendor' in [systemProperties] with type [String] and value 'Oracle Corporation'
21:57:11.450 [Test worker] DEBUG o.s.c.e.PropertySourcesPropertyResolver - Searching for key 'java.vendor.url' in [systemProperties]
21:57:11.450 [Test worker] DEBUG o.s.c.e.PropertySourcesPropertyResolver - Found key 'java.vendor.url' in [systemProperties] with type [String] and value 'http://java.oracle.com/'
21:57:11.451 [Test worker] DEBUG o.s.c.e.PropertySourcesPropertyResolver - Searching for key 'path.separator' in [systemProperties]
21:57:11.451 [Test worker] DEBUG o.s.c.e.PropertySourcesPropertyResolver - Found key 'path.separator' in [systemProperties] with type [String] and value ';'
21:57:11.451 [Test worker] DEBUG o.s.c.e.PropertySourcesPropertyResolver - Searching for key 'java.vm.name' in [systemProperties]
21:57:11.451 [Test worker] DEBUG o.s.c.e.PropertySourcesPropertyResolver - Found key 'java.vm.name' in [systemProperties] with type [String] and value 'Java HotSpot(TM) 64-Bit Server VM'
21:57:11.451 [Test worker] DEBUG o.s.c.e.PropertySourcesPropertyResolver - Searching for key 'file.encoding.pkg' in [systemProperties]
21:57:11.451 [Test worker] DEBUG o.s.c.e.PropertySourcesPropertyResolver - Found key 'file.encoding.pkg' in [systemProperties] with type [String] and value 'sun.io'
21:57:11.451 [Test worker] DEBUG o.s.c.e.PropertySourcesPropertyResolver - Searching for key 'user.script' in [systemProperties]
21:57:11.451 [Test worker] DEBUG o.s.c.e.PropertySourcesPropertyResolver - Found key 'user.script' in [systemProperties] with type [String] and value ''
21:57:11.451 [Test worker] DEBUG o.s.c.e.PropertySourcesPropertyResolver - Searching for key 'sun.java.launcher' in [systemProperties]
21:57:11.451 [Test worker] DEBUG o.s.c.e.PropertySourcesPropertyResolver - Found key 'sun.java.launcher' in [systemProperties] with type [String] and value 'SUN_STANDARD'
21:57:11.451 [Test worker] DEBUG o.s.c.e.PropertySourcesPropertyResolver - Searching for key 'user.country' in [systemProperties]
21:57:11.452 [Test worker] DEBUG o.s.c.e.PropertySourcesPropertyResolver - Found key 'user.country' in [systemProperties] with type [String] and value 'BR'
21:57:11.452 [Test worker] DEBUG o.s.c.e.PropertySourcesPropertyResolver - Searching for key 'sun.os.patch.level' in [systemProperties]
21:57:11.452 [Test worker] DEBUG o.s.c.e.PropertySourcesPropertyResolver - Found key 'sun.os.patch.level' in [systemProperties] with type [String] and value 'Service Pack 1'
21:57:11.452 [Test worker] DEBUG o.s.c.e.PropertySourcesPropertyResolver - Searching for key 'PID' in [systemProperties]
21:57:11.452 [Test worker] DEBUG o.s.c.e.PropertySourcesPropertyResolver - Found key 'PID' in [systemProperties] with type [String] and value '6428'
21:57:11.453 [Test worker] DEBUG o.s.c.e.PropertySourcesPropertyResolver - Searching for key 'java.vm.specification.name' in [systemProperties]
21:57:11.453 [Test worker] DEBUG o.s.c.e.PropertySourcesPropertyResolver - Found key 'java.vm.specification.name' in [systemProperties] with type [String] and value 'Java Virtual Machine Specification'
21:57:11.453 [Test worker] DEBUG o.s.c.e.PropertySourcesPropertyResolver - Searching for key 'user.dir' in [systemProperties]
21:57:11.453 [Test worker] DEBUG o.s.c.e.PropertySourcesPropertyResolver - Found key 'user.dir' in [systemProperties] with type [String] and value 'C:\Users\Brusca\Documents\workspaceEclipse\Trabalho_desenv_tech_java'
21:57:11.453 [Test worker] DEBUG o.s.c.e.PropertySourcesPropertyResolver - Searching for key 'java.runtime.version' in [systemProperties]
21:57:11.453 [Test worker] DEBUG o.s.c.e.PropertySourcesPropertyResolver - Found key 'java.runtime.version' in [systemProperties] with type [String] and value '1.8.0_73-b02'
21:57:11.453 [Test worker] DEBUG o.s.c.e.PropertySourcesPropertyResolver - Searching for key 'java.awt.graphicsenv' in [systemProperties]
21:57:11.453 [Test worker] DEBUG o.s.c.e.PropertySourcesPropertyResolver - Found key 'java.awt.graphicsenv' in [systemProperties] with type [String] and value 'sun.awt.Win32GraphicsEnvironment'
21:57:11.453 [Test worker] DEBUG o.s.c.e.PropertySourcesPropertyResolver - Searching for key 'org.jboss.logging.provider' in [systemProperties]
21:57:11.454 [Test worker] DEBUG o.s.c.e.PropertySourcesPropertyResolver - Found key 'org.jboss.logging.provider' in [systemProperties] with type [String] and value 'slf4j'
21:57:11.454 [Test worker] DEBUG o.s.c.e.PropertySourcesPropertyResolver - Searching for key 'java.endorsed.dirs' in [systemProperties]
21:57:11.454 [Test worker] DEBUG o.s.c.e.PropertySourcesPropertyResolver - Found key 'java.endorsed.dirs' in [systemProperties] with type [String] and value 'C:\Program Files\Java\jdk1.8.0_73\jre\lib\endorsed'
21:57:11.454 [Test worker] DEBUG o.s.c.e.PropertySourcesPropertyResolver - Searching for key 'os.arch' in [systemProperties]
21:57:11.454 [Test worker] DEBUG o.s.c.e.PropertySourcesPropertyResolver - Found key 'os.arch' in [systemProperties] with type [String] and value 'amd64'
21:57:11.454 [Test worker] DEBUG o.s.c.e.PropertySourcesPropertyResolver - Searching for key 'java.io.tmpdir' in [systemProperties]
21:57:11.454 [Test worker] DEBUG o.s.c.e.PropertySourcesPropertyResolver - Found key 'java.io.tmpdir' in [systemProperties] with type [String] and value 'C:\Users\Brusca\AppData\Local\Temp\'
21:57:11.454 [Test worker] DEBUG o.s.c.e.PropertySourcesPropertyResolver - Searching for key 'line.separator' in [systemProperties]
21:57:11.454 [Test worker] DEBUG o.s.c.e.PropertySourcesPropertyResolver - Found key 'line.separator' in [systemProperties] with type [String] and value '
'
21:57:11.454 [Test worker] DEBUG o.s.c.e.PropertySourcesPropertyResolver - Searching for key 'java.vm.specification.vendor' in [systemProperties]
21:57:11.454 [Test worker] DEBUG o.s.c.e.PropertySourcesPropertyResolver - Found key 'java.vm.specification.vendor' in [systemProperties] with type [String] and value 'Oracle Corporation'
21:57:11.454 [Test worker] DEBUG o.s.c.e.PropertySourcesPropertyResolver - Searching for key 'user.variant' in [systemProperties]
21:57:11.454 [Test worker] DEBUG o.s.c.e.PropertySourcesPropertyResolver - Found key 'user.variant' in [systemProperties] with type [String] and value ''
21:57:11.454 [Test worker] DEBUG o.s.c.e.PropertySourcesPropertyResolver - Searching for key 'os.name' in [systemProperties]
21:57:11.454 [Test worker] DEBUG o.s.c.e.PropertySourcesPropertyResolver - Found key 'os.name' in [systemProperties] with type [String] and value 'Windows 7'
21:57:11.455 [Test worker] DEBUG o.s.c.e.PropertySourcesPropertyResolver - Searching for key 'sun.jnu.encoding' in [systemProperties]
21:57:11.455 [Test worker] DEBUG o.s.c.e.PropertySourcesPropertyResolver - Found key 'sun.jnu.encoding' in [systemProperties] with type [String] and value 'Cp1252'
21:57:11.455 [Test worker] DEBUG o.s.c.e.PropertySourcesPropertyResolver - Searching for key 'spring.beaninfo.ignore' in [systemProperties]
21:57:11.455 [Test worker] DEBUG o.s.c.e.PropertySourcesPropertyResolver - Found key 'spring.beaninfo.ignore' in [systemProperties] with type [String] and value 'true'
21:57:11.455 [Test worker] DEBUG o.s.c.e.PropertySourcesPropertyResolver - Searching for key 'java.library.path' in [systemProperties]
21:57:11.455 [Test worker] DEBUG o.s.c.e.PropertySourcesPropertyResolver - Found key 'java.library.path' in [systemProperties] with type [String] and value 'C:\Program Files\Java\jdk1.8.0_73\bin;C:\Windows\Sun\Java\bin;C:\Windows\system32;C:\Windows;C:\Users\Brusca\bin;C:\Program Files\Git\mingw64\bin;C:\Program Files\Git\usr\local\bin;C:\Program Files\Git\usr\bin;C:\Program Files\Git\usr\bin;C:\Program Files\Git\mingw64\bin;C:\Program Files\Git\usr\bin;C:\Users\Brusca\bin;C:\ProgramData\Oracle\Java\javapath;C:\Windows\system32;C:\Windows;C:\Windows\System32\Wbem;C:\Windows\System32\WindowsPowerShell\v1.0;C:\Program Files (x86)\Skype\Phone;C:\Program Files\Git\cmd;C:\Program Files\Git\usr\bin\vendor_perl;C:\Program Files\Git\usr\bin\core_perl;.'
21:57:11.457 [Test worker] DEBUG o.s.c.e.PropertySourcesPropertyResolver - Searching for key 'java.specification.name' in [systemProperties]
21:57:11.457 [Test worker] DEBUG o.s.c.e.PropertySourcesPropertyResolver - Found key 'java.specification.name' in [systemProperties] with type [String] and value 'Java Platform API Specification'
21:57:11.457 [Test worker] DEBUG o.s.c.e.PropertySourcesPropertyResolver - Searching for key 'java.class.version' in [systemProperties]
21:57:11.457 [Test worker] DEBUG o.s.c.e.PropertySourcesPropertyResolver - Found key 'java.class.version' in [systemProperties] with type [String] and value '52.0'
21:57:11.457 [Test worker] DEBUG o.s.c.e.PropertySourcesPropertyResolver - Searching for key 'sun.management.compiler' in [systemProperties]
21:57:11.457 [Test worker] DEBUG o.s.c.e.PropertySourcesPropertyResolver - Found key 'sun.management.compiler' in [systemProperties] with type [String] and value 'HotSpot 64-Bit Tiered Compilers'
21:57:11.457 [Test worker] DEBUG o.s.c.e.PropertySourcesPropertyResolver - Searching for key 'os.version' in [systemProperties]
21:57:11.457 [Test worker] DEBUG o.s.c.e.PropertySourcesPropertyResolver - Found key 'os.version' in [systemProperties] with type [String] and value '6.1'
21:57:11.457 [Test worker] DEBUG o.s.c.e.PropertySourcesPropertyResolver - Searching for key 'user.home' in [systemProperties]
21:57:11.458 [Test worker] DEBUG o.s.c.e.PropertySourcesPropertyResolver - Found key 'user.home' in [systemProperties] with type [String] and value 'C:\Users\Brusca'
21:57:11.460 [Test worker] DEBUG o.s.c.e.PropertySourcesPropertyResolver - Searching for key 'user.timezone' in [systemProperties]
21:57:11.460 [Test worker] DEBUG o.s.c.e.PropertySourcesPropertyResolver - Found key 'user.timezone' in [systemProperties] with type [String] and value 'America/Sao_Paulo'
21:57:11.460 [Test worker] DEBUG o.s.c.e.PropertySourcesPropertyResolver - Searching for key 'java.awt.printerjob' in [systemProperties]
21:57:11.460 [Test worker] DEBUG o.s.c.e.PropertySourcesPropertyResolver - Found key 'java.awt.printerjob' in [systemProperties] with type [String] and value 'sun.awt.windows.WPrinterJob'
21:57:11.460 [Test worker] DEBUG o.s.c.e.PropertySourcesPropertyResolver - Searching for key 'file.encoding' in [systemProperties]
21:57:11.460 [Test worker] DEBUG o.s.c.e.PropertySourcesPropertyResolver - Found key 'file.encoding' in [systemProperties] with type [String] and value 'windows-1252'
21:57:11.461 [Test worker] DEBUG o.s.c.e.PropertySourcesPropertyResolver - Searching for key 'java.specification.version' in [systemProperties]
21:57:11.461 [Test worker] DEBUG o.s.c.e.PropertySourcesPropertyResolver - Found key 'java.specification.version' in [systemProperties] with type [String] and value '1.8'
21:57:11.461 [Test worker] DEBUG o.s.c.e.PropertySourcesPropertyResolver - Searching for key 'java.class.path' in [systemProperties]
21:57:11.461 [Test worker] DEBUG o.s.c.e.PropertySourcesPropertyResolver - Found key 'java.class.path' in [systemProperties] with type [String] and value 'C:\Users\Brusca\Documents\workspaceEclipse\Trabalho_desenv_tech_java\build\classes\test;C:\Users\Brusca\Documents\workspaceEclipse\Trabalho_desenv_tech_java\build\resources\test;C:\Users\Brusca\Documents\workspaceEclipse\Trabalho_desenv_tech_java\build\classes\main;C:\Users\Brusca\Documents\workspaceEclipse\Trabalho_desenv_tech_java\build\resources\main;C:\Users\Brusca\.gradle\caches\modules-2\files-2.1\org.springframework.boot\spring-boot-starter-actuator\1.3.3.RELEASE\ec15d8ba682e5e287a6d8cb1299ca69214a46530\spring-boot-starter-actuator-1.3.3.RELEASE.jar;C:\Users\Brusca\.gradle\caches\modules-2\files-2.1\org.springframework.boot\spring-boot-starter-jersey\1.3.3.RELEASE\2d3c09cf66e08ec3dd4732da1f1afe729b74bcdc\spring-boot-starter-jersey-1.3.3.RELEASE.jar;C:\Users\Brusca\.gradle\caches\modules-2\files-2.1\org.springframework.boot\spring-boot-starter-mail\1.3.3.RELEASE\29a5b12e598327b0e122f82609f912d371b69f87\spring-boot-starter-mail-1.3.3.RELEASE.jar;C:\Users\Brusca\.gradle\caches\modules-2\files-2.1\org.springframework.boot\spring-boot-starter-web\1.3.3.RELEASE\f1ee2657f50844d8682b30a1f40aebff3ad60cce\spring-boot-starter-web-1.3.3.RELEASE.jar;C:\Users\Brusca\.gradle\caches\modules-2\files-2.1\org.springframework.boot\spring-boot-starter-jdbc\1.3.3.RELEASE\f10ffeca4c879f1f66f30989cc0f133258934246\spring-boot-starter-jdbc-1.3.3.RELEASE.jar;C:\Users\Brusca\.gradle\caches\modules-2\files-2.1\com.h2database\h2\1.4.191\dec3540178ea889b2871b0ed56db14bbec9cfdfc\h2-1.4.191.jar;C:\Users\Brusca\.gradle\caches\modules-2\files-2.1\org.springframework.boot\spring-boot-starter-test\1.3.3.RELEASE\f440856dcf4c3018c9005fa229e7509f28927a73\spring-boot-starter-test-1.3.3.RELEASE.jar;C:\Users\Brusca\.gradle\caches\modules-2\files-2.1\org.springframework.boot\spring-boot-starter\1.3.3.RELEASE\e4a71ce6ae8e42a7535dd9f1a39f91d36c538f28\spring-boot-starter-1.3.3.RELEASE.jar;C:\Users\Brusca\.gradle\caches\modules-2\files-2.1\org.springframework.boot\spring-boot-actuator\1.3.3.RELEASE\7f1ae26c1ea42fb9dd5f14925cd605198f8b644\spring-boot-actuator-1.3.3.RELEASE.jar;C:\Users\Brusca\.gradle\caches\modules-2\files-2.1\org.springframework.boot\spring-boot-starter-tomcat\1.3.3.RELEASE\541468d85cc2c94d2b538b0fa07c018847bb9b78\spring-boot-starter-tomcat-1.3.3.RELEASE.jar;C:\Users\Brusca\.gradle\caches\modules-2\files-2.1\org.springframework.boot\spring-boot-starter-validation\1.3.3.RELEASE\df2d5a437fa3093b8da99216c355189fe7b5e64\spring-boot-starter-validation-1.3.3.RELEASE.jar;C:\Users\Brusca\.gradle\caches\modules-2\files-2.1\com.fasterxml.jackson.core\jackson-databind\2.6.5\d50be1723a09befd903887099ff2014ea9020333\jackson-databind-2.6.5.jar;C:\Users\Brusca\.gradle\caches\modules-2\files-2.1\org.springframework\spring-web\4.2.5.RELEASE\49cd2430884b77172aa81e3fc33ef668ea1dab30\spring-web-4.2.5.RELEASE.jar;C:\Users\Brusca\.gradle\caches\modules-2\files-2.1\org.glassfish.jersey.core\jersey-server\2.22.2\5ede3e5f98f8b14d31d1d0fffe9908df2bd41c0f\jersey-server-2.22.2.jar;C:\Users\Brusca\.gradle\caches\modules-2\files-2.1\org.glassfish.jersey.containers\jersey-container-servlet-core\2.22.2\212c534c5b030594ccf5c4b929e8f7cbf26eb1ba\jersey-container-servlet-core-2.22.2.jar;C:\Users\Brusca\.gradle\caches\modules-2\files-2.1\org.glassfish.jersey.containers\jersey-container-servlet\2.22.2\d90487b9809f822af7731abb8896a2183e7c4a0c\jersey-container-servlet-2.22.2.jar;C:\Users\Brusca\.gradle\caches\modules-2\files-2.1\org.glassfish.jersey.ext\jersey-bean-validation\2.22.2\2e4a59b392e86eab26efe41e6d43aa5ae1eefd55\jersey-bean-validation-2.22.2.jar;C:\Users\Brusca\.gradle\caches\modules-2\files-2.1\org.glassfish.jersey.ext\jersey-spring3\2.22.2\d890fe9753d6285a3fb992e24a90066e1b07ab13\jersey-spring3-2.22.2.jar;C:\Users\Brusca\.gradle\caches\modules-2\files-2.1\org.glassfish.jersey.media\jersey-media-json-jackson\2.22.2\9c17b5f890a38d410c838d05918b5a027346a45f\jersey-media-json-jackson-2.22.2.jar;C:\Users\Brusca\.gradle\caches\modules-2\files-2.1\org.springframework\spring-context\4.2.5.RELEASE\a75e18322c7b362fe1daa26a245ae672ec0f3138\spring-context-4.2.5.RELEASE.jar;C:\Users\Brusca\.gradle\caches\modules-2\files-2.1\org.springframework\spring-context-support\4.2.5.RELEASE\72db9c52e8bd2dc3290cd51114583731f818356b\spring-context-support-4.2.5.RELEASE.jar;C:\Users\Brusca\.gradle\caches\modules-2\files-2.1\com.sun.mail\javax.mail\1.5.5\ffcd34b5de820f35bcc9303649cf6ab2c65ad44e\javax.mail-1.5.5.jar;C:\Users\Brusca\.gradle\caches\modules-2\files-2.1\org.springframework\spring-webmvc\4.2.5.RELEASE\cf463cce3e4453eb4b9a69de2dcdfd60c3c57e0\spring-webmvc-4.2.5.RELEASE.jar;C:\Users\Brusca\.gradle\caches\modules-2\files-2.1\org.apache.tomcat\tomcat-jdbc\8.0.32\55396c45fc8c34f31420a3b280fde4b1387b044d\tomcat-jdbc-8.0.32.jar;C:\Users\Brusca\.gradle\caches\modules-2\files-2.1\org.springframework\spring-jdbc\4.2.5.RELEASE\205d2f1b902eac16a2ece772dc5ac6090b7e0b6f\spring-jdbc-4.2.5.RELEASE.jar;C:\Users\Brusca\.gradle\caches\modules-2\files-2.1\junit\junit\4.12\2973d150c0dc1fefe998f834810d68f278ea58ec\junit-4.12.jar;C:\Users\Brusca\.gradle\caches\modules-2\files-2.1\org.mockito\mockito-core\1.10.19\e8546f5bef4e061d8dd73895b4e8f40e3fe6effe\mockito-core-1.10.19.jar;C:\Users\Brusca\.gradle\caches\modules-2\files-2.1\org.hamcrest\hamcrest-core\1.3\42a25dc3219429f0e5d060061f71acb49bf010a0\hamcrest-core-1.3.jar;C:\Users\Brusca\.gradle\caches\modules-2\files-2.1\org.hamcrest\hamcrest-library\1.3\4785a3c21320980282f9f33d0d1264a69040538f\hamcrest-library-1.3.jar;C:\Users\Brusca\.gradle\caches\modules-2\files-2.1\org.springframework\spring-core\4.2.5.RELEASE\251207b29f0f38f61e3495a2f7fb053cf1bfe8c\spring-core-4.2.5.RELEASE.jar;C:\Users\Brusca\.gradle\caches\modules-2\files-2.1\org.springframework\spring-test\4.2.5.RELEASE\60bd0ac25869d515717284b77644d0416d3a38c5\spring-test-4.2.5.RELEASE.jar;C:\Users\Brusca\.gradle\caches\modules-2\files-2.1\org.springframework.boot\spring-boot\1.3.3.RELEASE\641cc375499d444e4efbc1801902260daa79758d\spring-boot-1.3.3.RELEASE.jar;C:\Users\Brusca\.gradle\caches\modules-2\files-2.1\org.springframework.boot\spring-boot-autoconfigure\1.3.3.RELEASE\e7a4a25f74dac6b335ffabc43e3e8a6e3066340e\spring-boot-autoconfigure-1.3.3.RELEASE.jar;C:\Users\Brusca\.gradle\caches\modules-2\files-2.1\org.springframework.boot\spring-boot-starter-logging\1.3.3.RELEASE\16b395c84f28b947f1c336aa461fda1e662bb3b6\spring-boot-starter-logging-1.3.3.RELEASE.jar;C:\Users\Brusca\.gradle\caches\modules-2\files-2.1\org.yaml\snakeyaml\1.16\d64fb662c9e42789149f5078a62a22edda786c6a\snakeyaml-1.16.jar;C:\Users\Brusca\.gradle\caches\modules-2\files-2.1\org.apache.tomcat.embed\tomcat-embed-core\8.0.32\734ead0c803525cc9c7f283438101734ca9aac01\tomcat-embed-core-8.0.32.jar;C:\Users\Brusca\.gradle\caches\modules-2\files-2.1\org.apache.tomcat.embed\tomcat-embed-el\8.0.32\82adf8bd959fc046d55490e6f2ce67297c91d62b\tomcat-embed-el-8.0.32.jar;C:\Users\Brusca\.gradle\caches\modules-2\files-2.1\org.apache.tomcat.embed\tomcat-embed-logging-juli\8.0.32\5e664b357710a6c43cad2191404c2a9d0b82cdb3\tomcat-embed-logging-juli-8.0.32.jar;C:\Users\Brusca\.gradle\caches\modules-2\files-2.1\org.apache.tomcat.embed\tomcat-embed-websocket\8.0.32\237ca58dac66f438579750169e6cb297ac041c9d\tomcat-embed-websocket-8.0.32.jar;C:\Users\Brusca\.gradle\caches\modules-2\files-2.1\org.hibernate\hibernate-validator\5.2.4.Final\fb18766b576aa6632bcfe9a20a023cbd52bf9769\hibernate-validator-5.2.4.Final.jar;C:\Users\Brusca\.gradle\caches\modules-2\files-2.1\com.fasterxml.jackson.core\jackson-annotations\2.6.5\65137ebf85056473b40c311f889601646a7612ba\jackson-annotations-2.6.5.jar;C:\Users\Brusca\.gradle\caches\modules-2\files-2.1\com.fasterxml.jackson.core\jackson-core\2.6.5\334369d7eff497f358b248c171dac0dd62c68f67\jackson-core-2.6.5.jar;C:\Users\Brusca\.gradle\caches\modules-2\files-2.1\org.springframework\spring-aop\4.2.5.RELEASE\858d6c70909b3ce7e07b59fc936f8ccfcd81c0aa\spring-aop-4.2.5.RELEASE.jar;C:\Users\Brusca\.gradle\caches\modules-2\files-2.1\org.springframework\spring-beans\4.2.5.RELEASE\fa992ae40f6fc47117282164e0433b71da385e94\spring-beans-4.2.5.RELEASE.jar;C:\Users\Brusca\.gradle\caches\modules-2\files-2.1\org.glassfish.jersey.core\jersey-common\2.22.2\1209b89878b60ce7d49afadeff7522d2fde0e217\jersey-common-2.22.2.jar;C:\Users\Brusca\.gradle\caches\modules-2\files-2.1\org.glassfish.jersey.core\jersey-client\2.22.2\1712fff037ce5a59e3d67f90fff29222989799ee\jersey-client-2.22.2.jar;C:\Users\Brusca\.gradle\caches\modules-2\files-2.1\javax.ws.rs\javax.ws.rs-api\2.0.1\104e9c2b5583cfcfeac0402316221648d6d8ea6b\javax.ws.rs-api-2.0.1.jar;C:\Users\Brusca\.gradle\caches\modules-2\files-2.1\org.glassfish.jersey.media\jersey-media-jaxb\2.22.2\7a9adf97790a92d09a1f2c027dbd34af15ffee04\jersey-media-jaxb-2.22.2.jar;C:\Users\Brusca\.gradle\caches\modules-2\files-2.1\javax.annotation\javax.annotation-api\1.2\479c1e06db31c432330183f5cae684163f186146\javax.annotation-api-1.2.jar;C:\Users\Brusca\.gradle\caches\modules-2\files-2.1\org.glassfish.hk2\hk2-api\2.4.0-b34\1017432e219dbd1d4a1121b2d7e87c5b2f0bcfb9\hk2-api-2.4.0-b34.jar;C:\Users\Brusca\.gradle\caches\modules-2\files-2.1\org.glassfish.hk2.external\javax.inject\2.4.0-b34\a6a3d4935af7b03e44126b5aac2c2a0ce98fe6e9\javax.inject-2.4.0-b34.jar;C:\Users\Brusca\.gradle\caches\modules-2\files-2.1\org.glassfish.hk2\hk2-locator\2.4.0-b34\1451fc3e5b7f00d7a5ca0feaff2c1bf68be5ac91\hk2-locator-2.4.0-b34.jar;C:\Users\Brusca\.gradle\caches\modules-2\files-2.1\javax.validation\validation-api\1.1.0.Final\8613ae82954779d518631e05daa73a6a954817d5\validation-api-1.1.0.Final.jar;C:\Users\Brusca\.gradle\caches\modules-2\files-2.1\org.glassfish.hk2\hk2\2.4.0-b34\736b03ef09a6f501b33a3d4c642cc3b2a3a54d66\hk2-2.4.0-b34.jar;C:\Users\Brusca\.gradle\caches\modules-2\files-2.1\org.glassfish.hk2\spring-bridge\2.4.0-b34\4a3de367797146f2c5494c25fb1f41b275c57f67\spring-bridge-2.4.0-b34.jar;C:\Users\Brusca\.gradle\caches\modules-2\files-2.1\org.glassfish.jersey.ext\jersey-entity-filtering\2.22.2\f43019bcf3d791f188b15fe4f0a225a7cca28e11\jersey-entity-filtering-2.22.2.jar;C:\Users\Brusca\.gradle\caches\modules-2\files-2.1\com.fasterxml.jackson.jaxrs\jackson-jaxrs-base\2.6.5\b86e607360911298484474d12135b561874e7bcb\jackson-jaxrs-base-2.6.5.jar;C:\Users\Brusca\.gradle\caches\modules-2\files-2.1\com.fasterxml.jackson.jaxrs\jackson-jaxrs-json-provider\2.6.5\295637e8118a52f2447c4bdbee8176e2da2cfa3f\jackson-jaxrs-json-provider-2.6.5.jar;C:\Users\Brusca\.gradle\caches\modules-2\files-2.1\org.springframework\spring-expression\4.2.5.RELEASE\a42bdfb833d0be6c18429aea3fb0fba81f85c6e8\spring-expression-4.2.5.RELEASE.jar;C:\Users\Brusca\.gradle\caches\modules-2\files-2.1\javax.activation\activation\1.1\e6cb541461c2834bdea3eb920f1884d1eb508b50\activation-1.1.jar;C:\Users\Brusca\.gradle\caches\modules-2\files-2.1\org.apache.tomcat\tomcat-juli\8.0.32\71471069cea029dfdce0735337864c7d0a3d9992\tomcat-juli-8.0.32.jar;C:\Users\Brusca\.gradle\caches\modules-2\files-2.1\org.springframework\spring-tx\4.2.5.RELEASE\7395321fe937272d9b781a13985e04ab2dcd6210\spring-tx-4.2.5.RELEASE.jar;C:\Users\Brusca\.gradle\caches\modules-2\files-2.1\org.objenesis\objenesis\2.1\87c0ea803b69252868d09308b4618f766f135a96\objenesis-2.1.jar;C:\Users\Brusca\.gradle\caches\modules-2\files-2.1\ch.qos.logback\logback-classic\1.1.5\92353eb144695bba80b31f7bec4f36d871f230ac\logback-classic-1.1.5.jar;C:\Users\Brusca\.gradle\caches\modules-2\files-2.1\org.slf4j\jcl-over-slf4j\1.7.16\34e48073884704ac987d3d1a1ab9b60e62028a9\jcl-over-slf4j-1.7.16.jar;C:\Users\Brusca\.gradle\caches\modules-2\files-2.1\org.slf4j\jul-to-slf4j\1.7.16\2d5b546c5557dcbf08c3a381d7dc9bd275a602c1\jul-to-slf4j-1.7.16.jar;C:\Users\Brusca\.gradle\caches\modules-2\files-2.1\org.slf4j\log4j-over-slf4j\1.7.16\c5922f37c8a5e4377cfb543c549f10e73d72ede0\log4j-over-slf4j-1.7.16.jar;C:\Users\Brusca\.gradle\caches\modules-2\files-2.1\org.jboss.logging\jboss-logging\3.3.0.Final\3616bb87707910296e2c195dc016287080bba5af\jboss-logging-3.3.0.Final.jar;C:\Users\Brusca\.gradle\caches\modules-2\files-2.1\com.fasterxml\classmate\1.1.0\dbbd699a1486ad0f2ed6f5af6cfed66acacb9056\classmate-1.1.0.jar;C:\Users\Brusca\.gradle\caches\modules-2\files-2.1\aopalliance\aopalliance\1.0\235ba8b489512805ac13a8f9ea77a1ca5ebe3e8\aopalliance-1.0.jar;C:\Users\Brusca\.gradle\caches\modules-2\files-2.1\org.glassfish.jersey.bundles.repackaged\jersey-guava\2.22.2\7422c693c89640c9685dfa99dbef2da745aa4617\jersey-guava-2.22.2.jar;C:\Users\Brusca\.gradle\caches\modules-2\files-2.1\org.glassfish.hk2\osgi-resource-locator\1.0.1\4ed2b2d4738aed5786cfa64cba5a332779c4c708\osgi-resource-locator-1.0.1.jar;C:\Users\Brusca\.gradle\caches\modules-2\files-2.1\org.glassfish.hk2\hk2-utils\2.4.0-b34\aacce18411fffef9621d8fc91464ca0477119c38\hk2-utils-2.4.0-b34.jar;C:\Users\Brusca\.gradle\caches\modules-2\files-2.1\org.glassfish.hk2.external\aopalliance-repackaged\2.4.0-b34\3d5e856dbc91a3a2b0bcb3a3424f8b62421ae4cf\aopalliance-repackaged-2.4.0-b34.jar;C:\Users\Brusca\.gradle\caches\modules-2\files-2.1\org.javassist\javassist\3.18.1-GA\d9a09f7732226af26bf99f19e2cffe0ae219db5b\javassist-3.18.1-GA.jar;C:\Users\Brusca\.gradle\caches\modules-2\files-2.1\org.glassfish.hk2\config-types\2.4.0-b34\d0cd228facafb3f9912f25a1c6605c9738dacce2\config-types-2.4.0-b34.jar;C:\Users\Brusca\.gradle\caches\modules-2\files-2.1\org.glassfish.hk2\hk2-core\2.4.0-b34\d530f72aa485ff7d8f59a6c10ad4c396428fe90a\hk2-core-2.4.0-b34.jar;C:\Users\Brusca\.gradle\caches\modules-2\files-2.1\org.glassfish.hk2\hk2-config\2.4.0-b34\c1e9e66e284a777b1b51e19d902db36b0b499bf\hk2-config-2.4.0-b34.jar;C:\Users\Brusca\.gradle\caches\modules-2\files-2.1\org.glassfish.hk2\hk2-runlevel\2.4.0-b34\c77ffbd2bcae37434dcab3624b307a95374500d1\hk2-runlevel-2.4.0-b34.jar;C:\Users\Brusca\.gradle\caches\modules-2\files-2.1\org.glassfish.hk2\class-model\2.4.0-b34\fdb9192396480cb5a828eb2f21f348600bc40758\class-model-2.4.0-b34.jar;C:\Users\Brusca\.gradle\caches\modules-2\files-2.1\com.fasterxml.jackson.module\jackson-module-jaxb-annotations\2.6.5\2e325479091bfbd81b000cc8a2fc5fd9db675b62\jackson-module-jaxb-annotations-2.6.5.jar;C:\Users\Brusca\.gradle\caches\modules-2\files-2.1\ch.qos.logback\logback-core\1.1.5\16722afde74444716e299bee1f60aec9f6d1f0dc\logback-core-1.1.5.jar;C:\Users\Brusca\.gradle\caches\modules-2\files-2.1\org.slf4j\slf4j-api\1.7.16\3a6274f658487d5bfff9af3862beff6da1e7fd52\slf4j-api-1.7.16.jar;C:\Users\Brusca\.gradle\caches\modules-2\files-2.1\org.jvnet\tiger-types\1.4\9f75db7dea926f497e76eae2cea36eca74ea508\tiger-types-1.4.jar;C:\Users\Brusca\.gradle\caches\modules-2\files-2.1\org.glassfish.hk2.external\asm-all-repackaged\2.4.0-b34\86ad503fe0d63b04722b0fadebe9e9b57d97ce3\asm-all-repackaged-2.4.0-b34.jar'
21:57:11.465 [Test worker] DEBUG o.s.c.e.PropertySourcesPropertyResolver - Searching for key 'user.name' in [systemProperties]
21:57:11.465 [Test worker] DEBUG o.s.c.e.PropertySourcesPropertyResolver - Found key 'user.name' in [systemProperties] with type [String] and value 'Brusca'
21:57:11.465 [Test worker] DEBUG o.s.c.e.PropertySourcesPropertyResolver - Searching for key 'java.vm.specification.version' in [systemProperties]
21:57:11.467 [Test worker] DEBUG o.s.c.e.PropertySourcesPropertyResolver - Found key 'java.vm.specification.version' in [systemProperties] with type [String] and value '1.8'
21:57:11.468 [Test worker] DEBUG o.s.c.e.PropertySourcesPropertyResolver - Searching for key 'sun.java.command' in [systemProperties]
21:57:11.468 [Test worker] DEBUG o.s.c.e.PropertySourcesPropertyResolver - Found key 'sun.java.command' in [systemProperties] with type [String] and value 'jarjar.org.gradle.process.internal.launcher.GradleWorkerMain 'Gradle Test Executor 1''
21:57:11.468 [Test worker] DEBUG o.s.c.e.PropertySourcesPropertyResolver - Searching for key 'java.home' in [systemProperties]
21:57:11.468 [Test worker] DEBUG o.s.c.e.PropertySourcesPropertyResolver - Found key 'java.home' in [systemProperties] with type [String] and value 'C:\Program Files\Java\jdk1.8.0_73\jre'
21:57:11.468 [Test worker] DEBUG o.s.c.e.PropertySourcesPropertyResolver - Searching for key 'sun.arch.data.model' in [systemProperties]
21:57:11.468 [Test worker] DEBUG o.s.c.e.PropertySourcesPropertyResolver - Found key 'sun.arch.data.model' in [systemProperties] with type [String] and value '64'
21:57:11.468 [Test worker] DEBUG o.s.c.e.PropertySourcesPropertyResolver - Searching for key 'user.language' in [systemProperties]
21:57:11.468 [Test worker] DEBUG o.s.c.e.PropertySourcesPropertyResolver - Found key 'user.language' in [systemProperties] with type [String] and value 'pt'
21:57:11.468 [Test worker] DEBUG o.s.c.e.PropertySourcesPropertyResolver - Searching for key 'java.specification.vendor' in [systemProperties]
21:57:11.468 [Test worker] DEBUG o.s.c.e.PropertySourcesPropertyResolver - Found key 'java.specification.vendor' in [systemProperties] with type [String] and value 'Oracle Corporation'
21:57:11.468 [Test worker] DEBUG o.s.c.e.PropertySourcesPropertyResolver - Searching for key 'awt.toolkit' in [systemProperties]
21:57:11.469 [Test worker] DEBUG o.s.c.e.PropertySourcesPropertyResolver - Found key 'awt.toolkit' in [systemProperties] with type [String] and value 'sun.awt.windows.WToolkit'
21:57:11.469 [Test worker] DEBUG o.s.c.e.PropertySourcesPropertyResolver - Searching for key 'java.vm.info' in [systemProperties]
21:57:11.469 [Test worker] DEBUG o.s.c.e.PropertySourcesPropertyResolver - Found key 'java.vm.info' in [systemProperties] with type [String] and value 'mixed mode'
21:57:11.469 [Test worker] DEBUG o.s.c.e.PropertySourcesPropertyResolver - Searching for key 'java.version' in [systemProperties]
21:57:11.469 [Test worker] DEBUG o.s.c.e.PropertySourcesPropertyResolver - Found key 'java.version' in [systemProperties] with type [String] and value '1.8.0_73'
21:57:11.469 [Test worker] DEBUG o.s.c.e.PropertySourcesPropertyResolver - Searching for key 'java.ext.dirs' in [systemProperties]
21:57:11.469 [Test worker] DEBUG o.s.c.e.PropertySourcesPropertyResolver - Found key 'java.ext.dirs' in [systemProperties] with type [String] and value 'C:\Program Files\Java\jdk1.8.0_73\jre\lib\ext;C:\Windows\Sun\Java\lib\ext'
21:57:11.469 [Test worker] DEBUG o.s.c.e.PropertySourcesPropertyResolver - Searching for key 'sun.boot.class.path' in [systemProperties]
21:57:11.469 [Test worker] DEBUG o.s.c.e.PropertySourcesPropertyResolver - Found key 'sun.boot.class.path' in [systemProperties] with type [String] and value 'C:\Program Files\Java\jdk1.8.0_73\jre\lib\resources.jar;C:\Program Files\Java\jdk1.8.0_73\jre\lib\rt.jar;C:\Program Files\Java\jdk1.8.0_73\jre\lib\sunrsasign.jar;C:\Program Files\Java\jdk1.8.0_73\jre\lib\jsse.jar;C:\Program Files\Java\jdk1.8.0_73\jre\lib\jce.jar;C:\Program Files\Java\jdk1.8.0_73\jre\lib\charsets.jar;C:\Program Files\Java\jdk1.8.0_73\jre\lib\jfr.jar;C:\Program Files\Java\jdk1.8.0_73\jre\classes'
21:57:11.469 [Test worker] DEBUG o.s.c.e.PropertySourcesPropertyResolver - Searching for key 'java.awt.headless' in [systemProperties]
21:57:11.469 [Test worker] DEBUG o.s.c.e.PropertySourcesPropertyResolver - Found key 'java.awt.headless' in [systemProperties] with type [String] and value 'true'
21:57:11.469 [Test worker] DEBUG o.s.c.e.PropertySourcesPropertyResolver - Searching for key 'java.vendor' in [systemProperties]
21:57:11.469 [Test worker] DEBUG o.s.c.e.PropertySourcesPropertyResolver - Found key 'java.vendor' in [systemProperties] with type [String] and value 'Oracle Corporation'
21:57:11.469 [Test worker] DEBUG o.s.c.e.PropertySourcesPropertyResolver - Searching for key 'org.gradle.test.worker' in [systemProperties]
21:57:11.469 [Test worker] DEBUG o.s.c.e.PropertySourcesPropertyResolver - Found key 'org.gradle.test.worker' in [systemProperties] with type [String] and value '1'
21:57:11.469 [Test worker] DEBUG o.s.c.e.PropertySourcesPropertyResolver - Searching for key 'file.separator' in [systemProperties]
21:57:11.470 [Test worker] DEBUG o.s.c.e.PropertySourcesPropertyResolver - Found key 'file.separator' in [systemProperties] with type [String] and value '\'
21:57:11.470 [Test worker] DEBUG o.s.c.e.PropertySourcesPropertyResolver - Searching for key 'java.vendor.url.bug' in [systemProperties]
21:57:11.470 [Test worker] DEBUG o.s.c.e.PropertySourcesPropertyResolver - Found key 'java.vendor.url.bug' in [systemProperties] with type [String] and value 'http://bugreport.sun.com/bugreport/'
21:57:11.470 [Test worker] DEBUG o.s.c.e.PropertySourcesPropertyResolver - Searching for key 'sun.io.unicode.encoding' in [systemProperties]
21:57:11.470 [Test worker] DEBUG o.s.c.e.PropertySourcesPropertyResolver - Found key 'sun.io.unicode.encoding' in [systemProperties] with type [String] and value 'UnicodeLittle'
21:57:11.470 [Test worker] DEBUG o.s.c.e.PropertySourcesPropertyResolver - Searching for key 'sun.cpu.endian' in [systemProperties]
21:57:11.470 [Test worker] DEBUG o.s.c.e.PropertySourcesPropertyResolver - Found key 'sun.cpu.endian' in [systemProperties] with type [String] and value 'little'
21:57:11.470 [Test worker] DEBUG o.s.c.e.PropertySourcesPropertyResolver - Searching for key 'sun.desktop' in [systemProperties]
21:57:11.470 [Test worker] DEBUG o.s.c.e.PropertySourcesPropertyResolver - Found key 'sun.desktop' in [systemProperties] with type [String] and value 'windows'
21:57:11.470 [Test worker] DEBUG o.s.c.e.PropertySourcesPropertyResolver - Searching for key 'sun.cpu.isalist' in [systemProperties]
21:57:11.470 [Test worker] DEBUG o.s.c.e.PropertySourcesPropertyResolver - Found key 'sun.cpu.isalist' in [systemProperties] with type [String] and value 'amd64'
21:57:11.470 [Test worker] DEBUG o.s.c.e.PropertySourcesPropertyResolver - Searching for key 'PATH' in [systemProperties]
21:57:11.470 [Test worker] DEBUG o.s.c.e.PropertySourcesPropertyResolver - Searching for key 'PATH' in [systemEnvironment]
21:57:11.470 [Test worker] DEBUG o.s.c.e.PropertySourcesPropertyResolver - Found key 'PATH' in [systemEnvironment] with type [String] and value 'C:\Users\Brusca\bin;C:\Program Files\Git\mingw64\bin;C:\Program Files\Git\usr\local\bin;C:\Program Files\Git\usr\bin;C:\Program Files\Git\usr\bin;C:\Program Files\Git\mingw64\bin;C:\Program Files\Git\usr\bin;C:\Users\Brusca\bin;C:\ProgramData\Oracle\Java\javapath;C:\Windows\system32;C:\Windows;C:\Windows\System32\Wbem;C:\Windows\System32\WindowsPowerShell\v1.0;C:\Program Files (x86)\Skype\Phone;C:\Program Files\Git\cmd;C:\Program Files\Git\usr\bin\vendor_perl;C:\Program Files\Git\usr\bin\core_perl'
21:57:11.470 [Test worker] DEBUG o.s.c.e.PropertySourcesPropertyResolver - Searching for key 'PKG_CONFIG_PATH' in [systemProperties]
21:57:11.470 [Test worker] DEBUG o.s.c.e.PropertySourcesPropertyResolver - Searching for key 'PKG_CONFIG_PATH' in [systemEnvironment]
21:57:11.470 [Test worker] DEBUG o.s.c.e.PropertySourcesPropertyResolver - Found key 'PKG_CONFIG_PATH' in [systemEnvironment] with type [String] and value 'C:\Program Files\Git\mingw64\lib\pkgconfig;C:\Program Files\Git\mingw64\share\pkgconfig'
21:57:11.471 [Test worker] DEBUG o.s.c.e.PropertySourcesPropertyResolver - Searching for key 'PROCESSOR_LEVEL' in [systemProperties]
21:57:11.471 [Test worker] DEBUG o.s.c.e.PropertySourcesPropertyResolver - Searching for key 'PROCESSOR_LEVEL' in [systemEnvironment]
21:57:11.471 [Test worker] DEBUG o.s.c.e.PropertySourcesPropertyResolver - Found key 'PROCESSOR_LEVEL' in [systemEnvironment] with type [String] and value '16'
21:57:11.471 [Test worker] DEBUG o.s.c.e.PropertySourcesPropertyResolver - Searching for key 'SYSTEMDRIVE' in [systemProperties]
21:57:11.471 [Test worker] DEBUG o.s.c.e.PropertySourcesPropertyResolver - Searching for key 'SYSTEMDRIVE' in [systemEnvironment]
21:57:11.471 [Test worker] DEBUG o.s.c.e.PropertySourcesPropertyResolver - Found key 'SYSTEMDRIVE' in [systemEnvironment] with type [String] and value 'C:'
21:57:11.471 [Test worker] DEBUG o.s.c.e.PropertySourcesPropertyResolver - Searching for key 'FP_NO_HOST_CHECK' in [systemProperties]
21:57:11.471 [Test worker] DEBUG o.s.c.e.PropertySourcesPropertyResolver - Searching for key 'FP_NO_HOST_CHECK' in [systemEnvironment]
21:57:11.471 [Test worker] DEBUG o.s.c.e.PropertySourcesPropertyResolver - Found key 'FP_NO_HOST_CHECK' in [systemEnvironment] with type [String] and value 'NO'
21:57:11.471 [Test worker] DEBUG o.s.c.e.PropertySourcesPropertyResolver - Searching for key 'SESSIONNAME' in [systemProperties]
21:57:11.471 [Test worker] DEBUG o.s.c.e.PropertySourcesPropertyResolver - Searching for key 'SESSIONNAME' in [systemEnvironment]
21:57:11.471 [Test worker] DEBUG o.s.c.e.PropertySourcesPropertyResolver - Found key 'SESSIONNAME' in [systemEnvironment] with type [String] and value 'Console'
21:57:11.471 [Test worker] DEBUG o.s.c.e.PropertySourcesPropertyResolver - Searching for key 'ALLUSERSPROFILE' in [systemProperties]
21:57:11.471 [Test worker] DEBUG o.s.c.e.PropertySourcesPropertyResolver - Searching for key 'ALLUSERSPROFILE' in [systemEnvironment]
[...]

   LiquibaseAutoConfiguration did not match
      - required @ConditionalOnClass classes not found: liquibase.integration.spring.SpringLiquibase (OnClassCondition)

   MailSenderAutoConfiguration did not match
      - @ConditionalOnClass classes found: javax.mail.internet.MimeMessage,javax.activation.MimeType (OnClassCondition)
      - nested any match resulted in [] matches and [member condition on org.springframework.boot.autoconfigure.mail.MailSenderAutoConfiguration$MailSenderCondition$JndiNameProperty : @ConditionalOnProperty missing required properties spring.mail.jndi-name , member condition on org.springframework.boot.autoconfigure.mail.MailSenderAutoConfiguration$MailSenderCondition$HostProperty : @ConditionalOnProperty missing required properties spring.mail.host ] non matches (MailSenderAutoConfiguration.MailSenderCondition)

   MailSenderValidatorAutoConfiguration did not match
      - @ConditionalOnProperty missing required properties spring.mail.test-connection  (OnPropertyCondition)

   ManagementServerPropertiesAutoConfiguration#securityProperties did not match
      - required @ConditionalOnClass classes not found: org.springframework.security.config.annotation.web.configuration.EnableWebSecurity (OnClassCondition)

   ManagementServerPropertiesAutoConfiguration#serverProperties did not match
      - found web application 'session' scope (OnWebApplicationCondition)
      - @ConditionalOnMissingBean (types: org.springframework.boot.autoconfigure.web.ServerProperties; SearchStrategy: all) found the following [serverProperties] (OnBeanCondition)

   ManagementWebSecurityAutoConfiguration did not match
      - required @ConditionalOnClass classes not found: org.springframework.security.config.annotation.web.configuration.EnableWebSecurity (OnClassCondition)

   MessageSourceAutoConfiguration did not match
      - No bundle found for spring.messages.basename: messages (MessageSourceAutoConfiguration.ResourceBundleCondition)

   MetricExportAutoConfiguration#statsdMetricWriter did not match
      - @ConditionalOnMissingBean (types: org.springframework.boot.actuate.metrics.statsd.StatsdMetricWriter; SearchStrategy: all) found no beans (OnBeanCondition)
      - @ConditionalOnProperty missing required properties spring.metrics.export.statsd.host  (OnPropertyCondition)

   MetricRepositoryAutoConfiguration.LegacyMetricRepositoryConfiguration did not match
      - Required JVM version older than 1.8 found 1.8 (OnJavaCondition)

   MetricRepositoryAutoConfiguration.LegacyMetricServicesConfiguration did not match
      - Required JVM version older than 1.8 found 1.8 (OnJavaCondition)

   MetricsChannelAutoConfiguration did not match
      - required @ConditionalOnClass classes not found: org.springframework.messaging.MessageChannel (OnClassCondition)

   MetricsDropwizardAutoConfiguration did not match
      - required @ConditionalOnClass classes not found: com.codahale.metrics.MetricRegistry (OnClassCondition)

   MongoAutoConfiguration did not match
      - required @ConditionalOnClass classes not found: com.mongodb.MongoClient (OnClassCondition)

   MongoDataAutoConfiguration did not match
      - required @ConditionalOnClass classes not found: com.mongodb.Mongo,org.springframework.data.mongodb.core.MongoTemplate (OnClassCondition)

   MongoRepositoriesAutoConfiguration did not match
      - required @ConditionalOnClass classes not found: com.mongodb.Mongo,org.springframework.data.mongodb.repository.MongoRepository (OnClassCondition)

   MustacheAutoConfiguration did not match
      - required @ConditionalOnClass classes not found: com.samskivert.mustache.Mustache (OnClassCondition)

   OAuth2AutoConfiguration did not match
      - required @ConditionalOnClass classes not found: org.springframework.security.oauth2.common.OAuth2AccessToken (OnClassCondition)

   PublicMetricsAutoConfiguration#richGaugePublicMetrics did not match
      - @ConditionalOnBean (types: org.springframework.boot.actuate.metrics.rich.RichGaugeReader; SearchStrategy: all) found no beans (OnBeanCondition)

   PublicMetricsAutoConfiguration.CacheStatisticsConfiguration did not match
      - @ConditionalOnClass classes found: org.springframework.cache.CacheManager (OnClassCondition)
      - @ConditionalOnBean (types: org.springframework.cache.CacheManager; SearchStrategy: all) found no beans (OnBeanCondition)

   PublicMetricsAutoConfiguration.IntegrationMetricsConfiguration did not match
      - required @ConditionalOnClass classes not found: org.springframework.integration.monitor.IntegrationMBeanExporter (OnClassCondition)

   RabbitAutoConfiguration did not match
      - required @ConditionalOnClass classes not found: org.springframework.amqp.rabbit.core.RabbitTemplate,com.rabbitmq.client.Channel (OnClassCondition)

   ReactorAutoConfiguration did not match
      - required @ConditionalOnClass classes not found: reactor.spring.context.config.EnableReactor,reactor.Environment (OnClassCondition)

   RedisAutoConfiguration did not match
      - required @ConditionalOnClass classes not found: org.springframework.data.redis.connection.jedis.JedisConnection,org.springframework.data.redis.core.RedisOperations,redis.clients.jedis.Jedis (OnClassCondition)

   RepositoryRestMvcAutoConfiguration did not match
      - required @ConditionalOnClass classes not found: org.springframework.data.rest.webmvc.config.RepositoryRestMvcConfiguration (OnClassCondition)

   SecurityAutoConfiguration did not match
      - required @ConditionalOnClass classes not found: org.springframework.security.authentication.AuthenticationManager,org.springframework.security.config.annotation.authentication.configurers.GlobalAuthenticationConfigurerAdapter (OnClassCondition)

   SecurityFilterAutoConfiguration did not match
      - required @ConditionalOnClass classes not found: org.springframework.security.web.context.AbstractSecurityWebApplicationInitializer,org.springframework.security.config.http.SessionCreationPolicy (OnClassCondition)

   SendGridAutoConfiguration did not match
      - required @ConditionalOnClass classes not found: com.sendgrid.SendGrid (OnClassCondition)

   SessionAutoConfiguration did not match
      - required @ConditionalOnClass classes not found: org.springframework.session.Session (OnClassCondition)

   SitePreferenceAutoConfiguration did not match
      - required @ConditionalOnClass classes not found: org.springframework.mobile.device.site.SitePreferenceHandlerInterceptor,org.springframework.mobile.device.site.SitePreferenceHandlerMethodArgumentResolver (OnClassCondition)

   SocialWebAutoConfiguration did not match
      - required @ConditionalOnClass classes not found: org.springframework.social.connect.web.ConnectController,org.springframework.social.config.annotation.SocialConfigurerAdapter (OnClassCondition)

   SolrAutoConfiguration did not match
      - required @ConditionalOnClass classes not found: org.apache.solr.client.solrj.impl.HttpSolrServer,org.apache.solr.client.solrj.impl.CloudSolrServer,org.apache.solr.common.cloud.HashPartitioner (OnClassCondition)

   SolrRepositoriesAutoConfiguration did not match
      - required @ConditionalOnClass classes not found: org.apache.solr.client.solrj.SolrServer,org.springframework.data.solr.repository.SolrRepository (OnClassCondition)

   SpringApplicationAdminJmxAutoConfiguration did not match
      - @ConditionalOnProperty missing required properties spring.application.admin.enabled  (OnPropertyCondition)

   SpringDataWebAutoConfiguration did not match
      - required @ConditionalOnClass classes not found: org.springframework.data.web.PageableHandlerMethodArgumentResolver (OnClassCondition)

   ThymeleafAutoConfiguration did not match
      - required @ConditionalOnClass classes not found: org.thymeleaf.spring4.SpringTemplateEngine (OnClassCondition)

   TwitterAutoConfiguration did not match
      - required @ConditionalOnClass classes not found: org.springframework.social.config.annotation.SocialConfigurerAdapter,org.springframework.social.twitter.connect.TwitterConnectionFactory (OnClassCondition)

   VelocityAutoConfiguration did not match
      - required @ConditionalOnClass classes not found: org.apache.velocity.app.VelocityEngine (OnClassCondition)

   WebMvcAutoConfiguration.ResourceChainCustomizerConfiguration did not match
      - Webjars locator (org.webjars.WebJarAssetLocator) is absent (OnEnabledResourceChainCondition)

   WebMvcAutoConfiguration.WebMvcAutoConfigurationAdapter#dateFormatter did not match
      - @ConditionalOnProperty missing required properties spring.mvc.date-format  (OnPropertyCondition)

   WebMvcAutoConfiguration.WebMvcAutoConfigurationAdapter#localeResolver did not match
      - @ConditionalOnMissingBean (types: org.springframework.web.servlet.LocaleResolver; SearchStrategy: all) found no beans (OnBeanCondition)
      - @ConditionalOnProperty missing required properties spring.mvc.locale  (OnPropertyCondition)

   WebSocketAutoConfiguration.JettyWebSocketConfiguration did not match
      - required @ConditionalOnClass classes not found: org.eclipse.jetty.websocket.jsr356.server.deploy.WebSocketServerContainerInitializer (OnClassCondition)

   WebSocketAutoConfiguration.UndertowWebSocketConfiguration did not match
      - required @ConditionalOnClass classes not found: io.undertow.websockets.jsr.Bootstrap (OnClassCondition)

   WebSocketMessagingAutoConfiguration did not match
      - required @ConditionalOnClass classes not found: org.springframework.web.socket.config.annotation.WebSocketMessageBrokerConfigurer (OnClassCondition)

   XADataSourceAutoConfiguration did not match
      - required @ConditionalOnClass classes not found: javax.transaction.TransactionManager (OnClassCondition)


Exclusions:
-----------

    None


Unconditional classes:
----------------------

   org.springframework.boot.actuate.autoconfigure.HealthIndicatorAutoConfiguration

   org.springframework.boot.actuate.autoconfigure.PublicMetricsAutoConfiguration

   org.springframework.boot.autoconfigure.PropertyPlaceholderAutoConfiguration

   org.springframework.boot.actuate.autoconfigure.ManagementServerPropertiesAutoConfiguration

   org.springframework.boot.actuate.autoconfigure.AuditAutoConfiguration

   org.springframework.boot.actuate.autoconfigure.EndpointAutoConfiguration

   org.springframework.boot.autoconfigure.context.ConfigurationPropertiesAutoConfiguration

   org.springframework.boot.actuate.autoconfigure.TraceRepositoryAutoConfiguration

   org.springframework.boot.actuate.autoconfigure.MetricRepositoryAutoConfiguration



21:57:17.401 [Test worker] DEBUG o.s.w.s.resource.ResourceUrlProvider - Looking for resource handler mappings
21:57:17.401 [Test worker] DEBUG o.s.b.f.s.DefaultListableBeanFactory - Returning cached instance of singleton bean 'resourceHandlerMapping'
21:57:17.401 [Test worker] DEBUG o.s.b.f.s.DefaultListableBeanFactory - Returning cached instance of singleton bean 'faviconHandlerMapping'
21:57:17.402 [Test worker] DEBUG o.s.w.s.resource.ResourceUrlProvider - Found resource handler mapping: URL pattern="/**/favicon.ico", locations=[class path resource [META-INF/resources/], class path resource [resources/], class path resource [static/], class path resource [public/], class path resource []], resolvers=[org.springframework.web.servlet.resource.PathResourceResolver@4ccf09b0]
21:57:17.402 [Test worker] DEBUG o.s.w.s.resource.ResourceUrlProvider - Found resource handler mapping: URL pattern="/webjars/**", locations=[class path resource [META-INF/resources/webjars/]], resolvers=[org.springframework.web.servlet.resource.PathResourceResolver@64fd0efa]
21:57:17.402 [Test worker] DEBUG o.s.w.s.resource.ResourceUrlProvider - Found resource handler mapping: URL pattern="/**", locations=[ServletContext resource [/], class path resource [META-INF/resources/], class path resource [resources/], class path resource [static/], class path resource [public/]], resolvers=[org.springframework.web.servlet.resource.PathResourceResolver@669f061a]
21:57:17.402 [Test worker] DEBUG o.s.b.f.s.DefaultListableBeanFactory - Returning cached instance of singleton bean 'metricWritersMetricExporter'
21:57:17.413 [Test worker] DEBUG o.s.c.e.PropertySourcesPropertyResolver - Searching for key 'spring.liveBeansView.mbeanDomain' in [systemProperties]
21:57:17.413 [Test worker] DEBUG o.s.c.e.PropertySourcesPropertyResolver - Searching for key 'spring.liveBeansView.mbeanDomain' in [systemEnvironment]
21:57:17.413 [Test worker] DEBUG o.s.c.e.PropertySourcesPropertyResolver - Searching for key 'spring.liveBeansView.mbeanDomain' in [random]
21:57:17.413 [Test worker] DEBUG o.s.c.e.PropertySourcesPropertyResolver - Searching for key 'spring.liveBeansView.mbeanDomain' in [integrationTest]
21:57:17.413 [Test worker] DEBUG o.s.c.e.PropertySourcesPropertyResolver - Searching for key 'spring.liveBeansView.mbeanDomain' in [applicationConfig: [classpath:/application.properties]]
21:57:17.413 [Test worker] DEBUG o.s.c.e.PropertySourcesPropertyResolver - Could not find key 'spring.liveBeansView.mbeanDomain' in any property source. Returning [null]
21:57:17.425 [Test worker] INFO  c.u.monitor.MonitorApplicationTests - Started MonitorApplicationTests in 7.423 seconds (JVM running for 9.596)
21:57:17.425 [Test worker] DEBUG o.s.t.c.c.DefaultCacheAwareContextLoaderDelegate - Storing ApplicationContext in cache under key [[WebMergedContextConfiguration@3cb46de4 testClass = MonitorApplicationTests, locations = '{}', classes = '{class com.uniritter.monitor.MonitorApplication}', contextInitializerClasses = '[]', activeProfiles = '{}', propertySourceLocations = '{}', propertySourceProperties = '{}', resourceBasePath = 'src/main/webapp', contextLoader = 'org.springframework.boot.test.SpringApplicationContextLoader', parent = [null]]]
21:57:17.425 [Test worker] DEBUG o.springframework.test.context.cache - Spring test ApplicationContext cache statistics: [DefaultContextCache@45ea1865 size = 1, parentContextCount = 0, hitCount = 0, missCount = 1]
21:57:17.425 [Test worker] DEBUG o.s.t.c.w.ServletTestExecutionListener - Setting up MockHttpServletRequest, MockHttpServletResponse, ServletWebRequest, and RequestContextHolder for test context [DefaultTestContext@45087c18 testClass = MonitorApplicationTests, testInstance = com.uniritter.monitor.MonitorApplicationTests@12f03209, testMethod = [null], testException = [null], mergedContextConfiguration = [WebMergedContextConfiguration@3cb46de4 testClass = MonitorApplicationTests, locations = '{}', classes = '{class com.uniritter.monitor.MonitorApplication}', contextInitializerClasses = '[]', activeProfiles = '{}', propertySourceLocations = '{}', propertySourceProperties = '{}', resourceBasePath = 'src/main/webapp', contextLoader = 'org.springframework.boot.test.SpringApplicationContextLoader', parent = [null]]].
21:57:17.446 [Test worker] DEBUG o.s.t.c.s.DependencyInjectionTestExecutionListener - Performing dependency injection for test context [[DefaultTestContext@45087c18 testClass = MonitorApplicationTests, testInstance = com.uniritter.monitor.MonitorApplicationTests@12f03209, testMethod = [null], testException = [null], mergedContextConfiguration = [WebMergedContextConfiguration@3cb46de4 testClass = MonitorApplicationTests, locations = '{}', classes = '{class com.uniritter.monitor.MonitorApplication}', contextInitializerClasses = '[]', activeProfiles = '{}', propertySourceLocations = '{}', propertySourceProperties = '{}', resourceBasePath = 'src/main/webapp', contextLoader = 'org.springframework.boot.test.SpringApplicationContextLoader', parent = [null]]]].
21:57:17.446 [Test worker] DEBUG o.s.t.c.c.DefaultCacheAwareContextLoaderDelegate - Retrieved ApplicationContext from cache with key [[WebMergedContextConfiguration@3cb46de4 testClass = MonitorApplicationTests, locations = '{}', classes = '{class com.uniritter.monitor.MonitorApplication}', contextInitializerClasses = '[]', activeProfiles = '{}', propertySourceLocations = '{}', propertySourceProperties = '{}', resourceBasePath = 'src/main/webapp', contextLoader = 'org.springframework.boot.test.SpringApplicationContextLoader', parent = [null]]]
21:57:17.446 [Test worker] DEBUG o.springframework.test.context.cache - Spring test ApplicationContext cache statistics: [DefaultContextCache@45ea1865 size = 1, parentContextCount = 0, hitCount = 1, missCount = 1]
21:57:17.448 [Test worker] DEBUG o.s.b.f.s.DefaultListableBeanFactory - Returning cached instance of singleton bean 'org.springframework.transaction.config.internalTransactionAdvisor'
21:57:17.474 [Test worker] DEBUG o.s.t.c.s.AbstractDirtiesContextTestExecutionListener - Before test method: context [DefaultTestContext@45087c18 testClass = MonitorApplicationTests, testInstance = com.uniritter.monitor.MonitorApplicationTests@12f03209, testMethod = contextLoads@MonitorApplicationTests, testException = [null], mergedContextConfiguration = [WebMergedContextConfiguration@3cb46de4 testClass = MonitorApplicationTests, locations = '{}', classes = '{class com.uniritter.monitor.MonitorApplication}', contextInitializerClasses = '[]', activeProfiles = '{}', propertySourceLocations = '{}', propertySourceProperties = '{}', resourceBasePath = 'src/main/webapp', contextLoader = 'org.springframework.boot.test.SpringApplicationContextLoader', parent = [null]]], class annotated with @DirtiesContext [false] with mode [null], method annotated with @DirtiesContext [false] with mode [null].
21:57:17.478 [Test worker] DEBUG o.s.t.c.s.AbstractDirtiesContextTestExecutionListener - After test method: context [DefaultTestContext@45087c18 testClass = MonitorApplicationTests, testInstance = com.uniritter.monitor.MonitorApplicationTests@12f03209, testMethod = contextLoads@MonitorApplicationTests, testException = [null], mergedContextConfiguration = [WebMergedContextConfiguration@3cb46de4 testClass = MonitorApplicationTests, locations = '{}', classes = '{class com.uniritter.monitor.MonitorApplication}', contextInitializerClasses = '[]', activeProfiles = '{}', propertySourceLocations = '{}', propertySourceProperties = '{}', resourceBasePath = 'src/main/webapp', contextLoader = 'org.springframework.boot.test.SpringApplicationContextLoader', parent = [null]]], class annotated with @DirtiesContext [false] with mode [null], method annotated with @DirtiesContext [false] with mode [null].
21:57:17.478 [Test worker] DEBUG o.s.t.c.w.ServletTestExecutionListener - Resetting RequestContextHolder for test context [DefaultTestContext@45087c18 testClass = MonitorApplicationTests, testInstance = com.uniritter.monitor.MonitorApplicationTests@12f03209, testMethod = contextLoads@MonitorApplicationTests, testException = [null], mergedContextConfiguration = [WebMergedContextConfiguration@3cb46de4 testClass = MonitorApplicationTests, locations = '{}', classes = '{class com.uniritter.monitor.MonitorApplication}', contextInitializerClasses = '[]', activeProfiles = '{}', propertySourceLocations = '{}', propertySourceProperties = '{}', resourceBasePath = 'src/main/webapp', contextLoader = 'org.springframework.boot.test.SpringApplicationContextLoader', parent = [null]]].
21:57:17.479 [Test worker] DEBUG o.s.t.c.s.AbstractDirtiesContextTestExecutionListener - After test class: context [DefaultTestContext@45087c18 testClass = MonitorApplicationTests, testInstance = [null], testMethod = [null], testException = [null], mergedContextConfiguration = [WebMergedContextConfiguration@3cb46de4 testClass = MonitorApplicationTests, locations = '{}', classes = '{class com.uniritter.monitor.MonitorApplication}', contextInitializerClasses = '[]', activeProfiles = '{}', propertySourceLocations = '{}', propertySourceProperties = '{}', resourceBasePath = 'src/main/webapp', contextLoader = 'org.springframework.boot.test.SpringApplicationContextLoader', parent = [null]]], class annotated with @DirtiesContext [false] with mode [null].
]]></system-out>
  <system-err><![CDATA[]]></system-err>
</testsuite>
